2015-11-02 16:27:32 - Weather_Humidity state updated to 59
2015-11-02 16:27:32 - Weather_Temperature state updated to 14
2015-11-02 16:27:36 - Date state updated to 2015-11-02T16:27:36
2015-11-02 16:27:39 - DemoLocation state updated to 52,52째N, 13,40째W, 0,00 m
2015-11-02 16:27:39 - Temperature_GF_Corridor state updated to 18.30000000
2015-11-02 16:27:39 - Temperature_GF_Toilet state updated to 20.20000000
2015-11-02 16:27:39 - Temperature_GF_Living state updated to 21.40000000
2015-11-02 16:27:39 - Temperature_GF_Kitchen state updated to 19.00000000
2015-11-02 16:27:39 - Temperature_FF_Bath state updated to 18.90000000
2015-11-02 16:27:39 - Temperature_FF_Office state updated to 20.50000000
2015-11-02 16:27:39 - Temperature_FF_Child state updated to 21.90000000
2015-11-02 16:27:39 - Temperature_FF_Bed state updated to 18.20000000
2015-11-02 16:27:39 - Weather_Temp_Max state updated to 14
2015-11-02 16:27:39 - Weather_Temp_Min state updated to 14
2015-11-02 16:28:32 - Weather_Humidity state updated to 59
2015-11-02 16:28:32 - Weather_Temperature state updated to 14
2015-11-02 16:28:32 - Weather_LastUpdate state updated to 2015-11-02T16:28:32
2015-11-02 16:29:32 - Weather_Humidity state updated to 59
2015-11-02 16:29:32 - Weather_Temperature state updated to 14
2015-11-02 16:29:32 - Weather_LastUpdate state updated to 2015-11-02T16:29:32
2015-11-02 16:30:00 - Temperature_GF_Corridor state updated to 18.00000000
2015-11-02 16:30:00 - Temperature_GF_Toilet state updated to 20.60000000
2015-11-02 16:30:00 - Temperature_GF_Living state updated to 18.90000000
2015-11-02 16:30:00 - Temperature_GF_Kitchen state updated to 18.10000000
2015-11-02 16:30:00 - Temperature_FF_Bath state updated to 21.30000000
2015-11-02 16:30:00 - Temperature_FF_Office state updated to 21.20000000
2015-11-02 16:30:00 - Temperature_FF_Child state updated to 17.70000000
2015-11-02 16:30:00 - Temperature_FF_Bed state updated to 21.20000000
2015-11-02 16:30:45 - Weather_Humidity state updated to 59
2015-11-02 16:30:46 - Weather_Temperature state updated to 14
2015-11-02 16:30:50 - Date state updated to 2015-11-02T16:30:50
2015-11-02 16:30:52 - DemoLocation state updated to 52,52째N, 13,40째W, 0,00 m
2015-11-02 16:30:52 - Temperature_GF_Corridor state updated to 19.30000000
2015-11-02 16:30:52 - Temperature_GF_Toilet state updated to 20.20000000
2015-11-02 16:30:52 - Temperature_GF_Living state updated to 18.10000000
2015-11-02 16:30:52 - Temperature_GF_Kitchen state updated to 18.10000000
2015-11-02 16:30:52 - Temperature_FF_Bath state updated to 17.90000000
2015-11-02 16:30:52 - Temperature_FF_Office state updated to 20.00000000
2015-11-02 16:30:52 - Temperature_FF_Child state updated to 19.30000000
2015-11-02 16:30:52 - Temperature_FF_Bed state updated to 18.30000000
2015-11-02 16:30:52 - Weather_Temp_Max state updated to 14
2015-11-02 16:30:52 - Weather_Temp_Min state updated to 14
2015-11-02 16:31:33 - Light_FF_Bath_Ceiling received command ON
2015-11-02 16:31:34 - Light_FF_Bath_Ceiling received command OFF
2015-11-02 16:31:35 - Light_FF_Bath_Mirror received command ON
2015-11-02 16:31:36 - Light_FF_Bath_Mirror received command OFF
2015-11-02 16:31:37 - Heating_FF_Bath received command ON
2015-11-02 16:31:38 - Shutter_FF_Bath received command UP
2015-11-02 16:31:39 - Shutter_FF_Bath received command DOWN
2015-11-02 16:31:46 - Weather_Humidity state updated to 59
2015-11-02 16:31:46 - Weather_Temperature state updated to 14
2015-11-02 16:31:46 - Weather_LastUpdate state updated to 2015-11-02T16:31:46
2015-11-02 16:32:46 - Weather_Humidity state updated to 63
2015-11-02 16:32:46 - Weather_Temperature state updated to 14
2015-11-02 16:32:46 - Weather_LastUpdate state updated to 2015-11-02T16:32:46
2015-11-02 16:32:46 - Weather_Humidex state updated to 14.0344814113869624
2015-11-02 16:33:47 - Weather_Humidity state updated to 63
2015-11-02 16:33:48 - Weather_Temperature state updated to 14
2015-11-02 16:33:48 - Weather_LastUpdate state updated to 2015-11-02T16:33:48
2015-11-02 16:34:48 - Weather_Humidity state updated to 63
2015-11-02 16:34:48 - Weather_Temperature state updated to 13
2015-11-02 16:34:48 - Weather_LastUpdate state updated to 2015-11-02T16:34:48
2015-11-02 16:34:48 - Weather_Humidex state updated to 12.6824076085703720
2015-11-02 16:34:48 - Weather_Temp_Max state updated to 14
2015-11-02 16:34:48 - Weather_Temp_Min state updated to 13
2015-11-02 16:35:00 - Temperature_GF_Corridor state updated to 17.80000000
2015-11-02 16:35:00 - Temperature_GF_Toilet state updated to 22.10000000
2015-11-02 16:35:00 - Temperature_GF_Living state updated to 17.60000000
2015-11-02 16:35:00 - Temperature_GF_Kitchen state updated to 18.30000000
2015-11-02 16:35:00 - Temperature_FF_Bath state updated to 20.00000000
2015-11-02 16:35:00 - Temperature_FF_Office state updated to 21.10000000
2015-11-02 16:35:00 - Temperature_FF_Child state updated to 19.70000000
2015-11-02 16:35:00 - Temperature_FF_Bed state updated to 19.90000000
2015-11-02 16:35:49 - Weather_Humidity state updated to 63
2015-11-02 16:35:49 - Weather_Temperature state updated to 13
2015-11-02 16:35:49 - Weather_LastUpdate state updated to 2015-11-02T16:35:49
2015-11-02 16:36:49 - Weather_Humidity state updated to 63
2015-11-02 16:36:49 - Weather_Temperature state updated to 13
2015-11-02 16:36:49 - Weather_LastUpdate state updated to 2015-11-02T16:36:49
2015-11-02 16:37:50 - Weather_Humidity state updated to 63
2015-11-02 16:37:50 - Weather_Temperature state updated to 13
2015-11-02 16:37:50 - Weather_LastUpdate state updated to 2015-11-02T16:37:50
2015-11-02 16:38:50 - Weather_Humidity state updated to 63
2015-11-02 16:38:50 - Weather_Temperature state updated to 13
2015-11-02 16:38:50 - Weather_LastUpdate state updated to 2015-11-02T16:38:50
2015-11-02 16:39:51 - Weather_Humidity state updated to 63
2015-11-02 16:39:51 - Weather_Temperature state updated to 13
2015-11-02 16:39:51 - Weather_LastUpdate state updated to 2015-11-02T16:39:51
2015-11-02 16:40:00 - Temperature_GF_Corridor state updated to 19.80000000
2015-11-02 16:40:00 - Temperature_GF_Toilet state updated to 19.00000000
2015-11-02 16:40:00 - Temperature_GF_Living state updated to 17.70000000
2015-11-02 16:40:00 - Temperature_GF_Kitchen state updated to 17.70000000
2015-11-02 16:40:00 - Temperature_FF_Bath state updated to 18.50000000
2015-11-02 16:40:00 - Temperature_FF_Office state updated to 18.30000000
2015-11-02 16:40:00 - Temperature_FF_Child state updated to 22.10000000
2015-11-02 16:40:00 - Temperature_FF_Bed state updated to 21.80000000
2015-11-02 16:40:51 - Weather_Humidity state updated to 63
2015-11-02 16:40:51 - Weather_Temperature state updated to 13
2015-11-02 16:40:51 - Weather_LastUpdate state updated to 2015-11-02T16:40:51
2015-11-02 16:41:52 - Weather_Humidity state updated to 63
2015-11-02 16:41:52 - Weather_Temperature state updated to 13
2015-11-02 16:41:52 - Weather_LastUpdate state updated to 2015-11-02T16:41:52
2015-11-02 16:42:52 - Weather_Humidity state updated to 63
2015-11-02 16:42:52 - Weather_Temperature state updated to 13
2015-11-02 16:42:52 - Weather_LastUpdate state updated to 2015-11-02T16:42:52
2015-11-02 16:43:52 - Weather_Humidity state updated to 63
2015-11-02 16:43:53 - Weather_Temperature state updated to 13
2015-11-02 16:43:53 - Weather_LastUpdate state updated to 2015-11-02T16:43:53
2015-11-02 16:44:53 - Weather_Humidity state updated to 63
2015-11-02 16:44:53 - Weather_Temperature state updated to 13
2015-11-02 16:44:53 - Weather_LastUpdate state updated to 2015-11-02T16:44:53
2015-11-02 16:45:00 - Temperature_GF_Corridor state updated to 20.90000000
2015-11-02 16:45:00 - Temperature_GF_Toilet state updated to 20.50000000
2015-11-02 16:45:00 - Temperature_GF_Living state updated to 21.40000000
2015-11-02 16:45:00 - Temperature_GF_Kitchen state updated to 19.30000000
2015-11-02 16:45:00 - Temperature_FF_Bath state updated to 18.00000000
2015-11-02 16:45:00 - Temperature_FF_Office state updated to 21.40000000
2015-11-02 16:45:00 - Temperature_FF_Child state updated to 21.90000000
2015-11-02 16:45:00 - Temperature_FF_Bed state updated to 20.60000000
2015-11-02 16:45:53 - Weather_Humidity state updated to 63
2015-11-02 16:45:53 - Weather_Temperature state updated to 13
2015-11-02 16:45:53 - Weather_LastUpdate state updated to 2015-11-02T16:45:53
2015-11-02 16:45:55 - Date state updated to 2015-11-02T16:45:55
2015-11-02 16:46:54 - Weather_Humidity state updated to 63
2015-11-02 16:46:54 - Weather_Temperature state updated to 13
2015-11-02 16:46:54 - Weather_LastUpdate state updated to 2015-11-02T16:46:54
2015-11-02 16:47:54 - Weather_Humidity state updated to 63
2015-11-02 16:47:54 - Weather_Temperature state updated to 13
2015-11-02 16:47:54 - Weather_LastUpdate state updated to 2015-11-02T16:47:54
2015-11-02 16:48:54 - Weather_Humidity state updated to 63
2015-11-02 16:48:54 - Weather_Temperature state updated to 13
2015-11-02 16:48:54 - Weather_LastUpdate state updated to 2015-11-02T16:48:54
2015-11-02 16:49:55 - Weather_Humidity state updated to 63
2015-11-02 16:49:55 - Weather_Temperature state updated to 13
2015-11-02 16:49:55 - Weather_LastUpdate state updated to 2015-11-02T16:49:55
2015-11-02 16:50:00 - Temperature_GF_Corridor state updated to 22.10000000
2015-11-02 16:50:00 - Temperature_GF_Toilet state updated to 17.60000000
2015-11-02 16:50:00 - Temperature_GF_Living state updated to 18.10000000
2015-11-02 16:50:00 - Temperature_GF_Kitchen state updated to 19.00000000
2015-11-02 16:50:00 - Temperature_FF_Bath state updated to 20.70000000
2015-11-02 16:50:00 - Temperature_FF_Office state updated to 19.00000000
2015-11-02 16:50:00 - Temperature_FF_Child state updated to 22.10000000
2015-11-02 16:50:00 - Temperature_FF_Bed state updated to 19.20000000
2015-11-02 16:50:55 - Weather_Humidity state updated to 63
2015-11-02 16:50:55 - Weather_Temperature state updated to 13
2015-11-02 16:50:55 - Weather_LastUpdate state updated to 2015-11-02T16:50:55
2015-11-02 16:51:55 - Weather_Humidity state updated to 63
2015-11-02 16:51:55 - Weather_Temperature state updated to 13
2015-11-02 16:51:55 - Weather_LastUpdate state updated to 2015-11-02T16:51:55
2015-11-02 16:52:55 - Weather_Humidity state updated to 63
2015-11-02 16:52:56 - Weather_Temperature state updated to 13
2015-11-02 16:52:56 - Weather_LastUpdate state updated to 2015-11-02T16:52:56
2015-11-02 16:53:56 - Weather_Humidity state updated to 63
2015-11-02 16:53:56 - Weather_Temperature state updated to 13
2015-11-02 16:53:56 - Weather_LastUpdate state updated to 2015-11-02T16:53:56
2015-11-02 18:38:29 - Temperature_GF_Corridor state updated to 20.10000000
2015-11-02 18:38:29 - Temperature_GF_Toilet state updated to 19.70000000
2015-11-02 18:38:29 - Temperature_GF_Living state updated to 19.00000000
2015-11-02 18:38:29 - Temperature_GF_Kitchen state updated to 19.30000000
2015-11-02 18:38:29 - Temperature_FF_Bath state updated to 17.90000000
2015-11-02 18:38:29 - Temperature_FF_Office state updated to 22.10000000
2015-11-02 18:38:29 - Temperature_FF_Child state updated to 21.60000000
2015-11-02 18:38:29 - Temperature_FF_Bed state updated to 18.70000000
2015-11-02 18:39:24 - Weather_Humidity state updated to 87
2015-11-02 18:39:24 - Weather_Humidex state updated to 14.6778221578670216
2015-11-02 18:39:24 - Weather_Temperature state updated to 7
2015-11-02 18:39:24 - Weather_LastUpdate state updated to 2015-11-02T18:39:24
2015-11-02 18:39:24 - Weather_Temp_Max state updated to 13.142857142857142349612331599928438663482666015625
2015-11-02 18:39:24 - Weather_Temp_Min state updated to 7
2015-11-02 18:39:24 - Weather_Humidex state updated to 6.2859286831763184
2015-11-02 18:40:00 - Temperature_GF_Corridor state updated to 19.80000000
2015-11-02 18:40:00 - Temperature_GF_Toilet state updated to 18.10000000
2015-11-02 18:40:00 - Temperature_GF_Living state updated to 21.60000000
2015-11-02 18:40:00 - Temperature_GF_Kitchen state updated to 18.00000000
2015-11-02 18:40:00 - Temperature_FF_Bath state updated to 20.10000000
2015-11-02 18:40:00 - Temperature_FF_Office state updated to 21.80000000
2015-11-02 18:40:00 - Temperature_FF_Child state updated to 20.40000000
2015-11-02 18:40:00 - Temperature_FF_Bed state updated to 20.30000000
2015-11-02 18:40:24 - Weather_Humidity state updated to 87
2015-11-02 18:40:24 - Weather_Temperature state updated to 7
2015-11-02 18:40:24 - Weather_LastUpdate state updated to 2015-11-02T18:40:24
2015-11-02 18:41:25 - Weather_Humidity state updated to 87
2015-11-02 18:41:25 - Weather_Temperature state updated to 7
2015-11-02 18:41:25 - Weather_LastUpdate state updated to 2015-11-02T18:41:25
2015-11-02 18:42:25 - Weather_Humidity state updated to 87
2015-11-02 18:42:25 - Weather_Temperature state updated to 7
2015-11-02 18:42:25 - Weather_LastUpdate state updated to 2015-11-02T18:42:25
2015-11-02 18:43:25 - Weather_Humidity state updated to 87
2015-11-02 18:43:25 - Weather_Temperature state updated to 7
2015-11-02 18:43:25 - Weather_LastUpdate state updated to 2015-11-02T18:43:25
2015-11-02 18:44:25 - Weather_Humidity state updated to 87
2015-11-02 18:44:26 - Weather_Temperature state updated to 7
2015-11-02 18:44:26 - Weather_LastUpdate state updated to 2015-11-02T18:44:26
2015-11-02 18:44:36 - Date state updated to 2015-11-02T18:44:36
2015-11-02 18:45:00 - Temperature_GF_Corridor state updated to 20.30000000
2015-11-02 18:45:00 - Temperature_GF_Toilet state updated to 21.40000000
2015-11-02 18:45:00 - Temperature_GF_Living state updated to 22.00000000
2015-11-02 18:45:00 - Temperature_GF_Kitchen state updated to 21.00000000
2015-11-02 18:45:00 - Temperature_FF_Bath state updated to 20.20000000
2015-11-02 18:45:00 - Temperature_FF_Office state updated to 21.60000000
2015-11-02 18:45:00 - Temperature_FF_Child state updated to 18.50000000
2015-11-02 18:45:00 - Temperature_FF_Bed state updated to 21.10000000
2015-11-02 18:45:26 - Weather_Humidity state updated to 87
2015-11-02 18:45:26 - Weather_Temperature state updated to 7
2015-11-02 18:45:26 - Weather_LastUpdate state updated to 2015-11-02T18:45:26
2015-11-02 18:46:26 - Weather_Humidity state updated to 87
2015-11-02 18:46:26 - Weather_Temperature state updated to 7
2015-11-02 18:46:26 - Weather_LastUpdate state updated to 2015-11-02T18:46:26
2015-11-02 18:47:26 - Weather_Humidity state updated to 87
2015-11-02 18:47:26 - Weather_Temperature state updated to 7
2015-11-02 18:47:26 - Weather_LastUpdate state updated to 2015-11-02T18:47:26
2015-11-02 18:48:27 - Weather_Humidity state updated to 87
2015-11-02 18:48:27 - Weather_Temperature state updated to 7
2015-11-02 18:48:27 - Weather_LastUpdate state updated to 2015-11-02T18:48:27
2015-11-02 18:49:27 - Weather_Humidity state updated to 87
2015-11-02 18:49:27 - Weather_Temperature state updated to 7
2015-11-02 18:49:27 - Weather_LastUpdate state updated to 2015-11-02T18:49:27
2015-11-02 18:50:00 - Temperature_GF_Corridor state updated to 20.20000000
2015-11-02 18:50:00 - Temperature_GF_Toilet state updated to 22.30000000
2015-11-02 18:50:00 - Temperature_GF_Living state updated to 22.20000000
2015-11-02 18:50:00 - Temperature_GF_Kitchen state updated to 19.70000000
2015-11-02 18:50:00 - Temperature_FF_Bath state updated to 22.10000000
2015-11-02 18:50:00 - Temperature_FF_Office state updated to 18.20000000
2015-11-02 18:50:00 - Temperature_FF_Child state updated to 20.80000000
2015-11-02 18:50:00 - Temperature_FF_Bed state updated to 19.00000000
2015-11-02 18:50:27 - Weather_Humidity state updated to 87
2015-11-02 18:50:27 - Weather_Temperature state updated to 7
2015-11-02 18:50:27 - Weather_LastUpdate state updated to 2015-11-02T18:50:27
2015-11-02 18:51:27 - Weather_Humidity state updated to 87
2015-11-02 18:51:28 - Weather_Temperature state updated to 7
2015-11-02 18:51:28 - Weather_LastUpdate state updated to 2015-11-02T18:51:28
2015-11-02 18:52:28 - Weather_Humidity state updated to 87
2015-11-02 18:52:28 - Weather_Temperature state updated to 7
2015-11-02 18:52:28 - Weather_LastUpdate state updated to 2015-11-02T18:52:28
2015-11-02 18:53:28 - Weather_Humidity state updated to 87
2015-11-02 18:53:28 - Weather_Temperature state updated to 7
2015-11-02 18:53:28 - Weather_LastUpdate state updated to 2015-11-02T18:53:28
2015-11-02 18:54:28 - Weather_Humidity state updated to 87
2015-11-02 18:54:28 - Weather_Temperature state updated to 7
2015-11-02 18:54:28 - Weather_LastUpdate state updated to 2015-11-02T18:54:28
2015-11-02 18:55:00 - Temperature_GF_Corridor state updated to 21.10000000
2015-11-02 18:55:00 - Temperature_GF_Toilet state updated to 19.90000000
2015-11-02 18:55:00 - Temperature_GF_Living state updated to 19.50000000
2015-11-02 18:55:00 - Temperature_GF_Kitchen state updated to 20.60000000
2015-11-02 18:55:00 - Temperature_FF_Bath state updated to 19.70000000
2015-11-02 18:55:00 - Temperature_FF_Office state updated to 18.70000000
2015-11-02 18:55:00 - Temperature_FF_Child state updated to 19.30000000
2015-11-02 18:55:00 - Temperature_FF_Bed state updated to 18.90000000
2015-11-02 18:55:29 - Weather_Humidity state updated to 87
2015-11-02 18:55:29 - Weather_Temperature state updated to 7
2015-11-02 18:55:29 - Weather_LastUpdate state updated to 2015-11-02T18:55:29
2015-11-02 18:56:29 - Weather_Humidity state updated to 87
2015-11-02 18:56:29 - Weather_Temperature state updated to 7
2015-11-02 18:56:29 - Weather_LastUpdate state updated to 2015-11-02T18:56:29
2015-11-02 18:57:29 - Weather_Humidity state updated to 87
2015-11-02 18:57:29 - Weather_Temperature state updated to 7
2015-11-02 18:57:29 - Weather_LastUpdate state updated to 2015-11-02T18:57:29
2015-11-02 18:58:30 - Weather_Humidity state updated to 87
2015-11-02 18:58:30 - Weather_Temperature state updated to 7
2015-11-02 18:58:30 - Weather_LastUpdate state updated to 2015-11-02T18:58:30
2015-11-02 18:59:30 - Weather_Humidity state updated to 87
2015-11-02 18:59:30 - Weather_Temperature state updated to 7
2015-11-02 18:59:30 - Weather_LastUpdate state updated to 2015-11-02T18:59:30
2015-11-02 18:59:36 - Date state updated to 2015-11-02T18:59:36
2015-11-02 19:00:00 - Temperature_GF_Corridor state updated to 17.60000000
2015-11-02 19:00:00 - Temperature_GF_Toilet state updated to 19.30000000
2015-11-02 19:00:00 - Temperature_GF_Living state updated to 22.50000000
2015-11-02 19:00:00 - Temperature_GF_Kitchen state updated to 18.90000000
2015-11-02 19:00:00 - Temperature_FF_Bath state updated to 18.20000000
2015-11-02 19:00:00 - Temperature_FF_Office state updated to 20.40000000
2015-11-02 19:00:00 - Temperature_FF_Child state updated to 21.60000000
2015-11-02 19:00:00 - Temperature_FF_Bed state updated to 19.30000000
2015-11-02 19:00:30 - Weather_Humidity state updated to 87
2015-11-02 19:00:30 - Weather_Temperature state updated to 7
2015-11-02 19:00:30 - Weather_LastUpdate state updated to 2015-11-02T19:00:30
2015-11-02 19:01:30 - Weather_Humidity state updated to 87
2015-11-02 19:01:30 - Weather_Temperature state updated to 7
2015-11-02 19:01:30 - Weather_LastUpdate state updated to 2015-11-02T19:01:30
2015-11-02 19:02:31 - Weather_Humidity state updated to 93
2015-11-02 19:02:31 - Weather_Humidex state updated to 6.6198241525141488
2015-11-02 19:02:31 - Weather_Temperature state updated to 7
2015-11-02 19:02:31 - Weather_LastUpdate state updated to 2015-11-02T19:02:31
2015-11-02 19:03:31 - Weather_Humidity state updated to 93
2015-11-02 19:03:31 - Weather_Temperature state updated to 7
2015-11-02 19:03:31 - Weather_LastUpdate state updated to 2015-11-02T19:03:31
2015-11-02 19:04:31 - Weather_Humidity state updated to 93
2015-11-02 19:04:31 - Weather_Temperature state updated to 6
2015-11-02 19:04:31 - Weather_LastUpdate state updated to 2015-11-02T19:04:31
2015-11-02 19:04:31 - Weather_Temp_Max state updated to 14
2015-11-02 19:04:31 - Weather_Temp_Min state updated to 6
2015-11-02 19:04:31 - Weather_Humidex state updated to 5.2755558053155576
2015-11-02 19:05:00 - Temperature_GF_Corridor state updated to 20.00000000
2015-11-02 19:05:00 - Temperature_GF_Toilet state updated to 18.60000000
2015-11-02 19:05:00 - Temperature_GF_Living state updated to 22.20000000
2015-11-02 19:05:00 - Temperature_GF_Kitchen state updated to 17.70000000
2015-11-02 19:05:00 - Temperature_FF_Bath state updated to 18.50000000
2015-11-02 19:05:00 - Temperature_FF_Office state updated to 19.10000000
2015-11-02 19:05:00 - Temperature_FF_Child state updated to 18.70000000
2015-11-02 19:05:00 - Temperature_FF_Bed state updated to 18.20000000
2015-11-02 19:05:31 - Weather_Humidity state updated to 93
2015-11-02 19:05:31 - Weather_Temperature state updated to 6
2015-11-02 19:05:31 - Weather_LastUpdate state updated to 2015-11-02T19:05:31
2015-11-02 19:06:31 - Weather_Humidity state updated to 93
2015-11-02 19:06:32 - Weather_Temperature state updated to 6
2015-11-02 19:06:32 - Weather_LastUpdate state updated to 2015-11-02T19:06:32
2015-11-02 19:07:32 - Weather_Humidity state updated to 93
2015-11-02 19:07:32 - Weather_Temperature state updated to 6
2015-11-02 19:07:32 - Weather_LastUpdate state updated to 2015-11-02T19:07:32
2015-11-02 19:08:32 - Weather_Humidity state updated to 93
2015-11-02 19:08:32 - Weather_Temperature state updated to 6
2015-11-02 19:08:32 - Weather_LastUpdate state updated to 2015-11-02T19:08:32
2015-11-02 19:09:32 - Weather_Humidity state updated to 93
2015-11-02 19:09:32 - Weather_Temperature state updated to 6
2015-11-02 19:09:32 - Weather_LastUpdate state updated to 2015-11-02T19:09:32
2015-11-02 19:10:00 - Temperature_GF_Corridor state updated to 20.50000000
2015-11-02 19:10:00 - Temperature_GF_Toilet state updated to 20.00000000
2015-11-02 19:10:00 - Temperature_GF_Living state updated to 18.10000000
2015-11-02 19:10:00 - Temperature_GF_Kitchen state updated to 19.60000000
2015-11-02 19:10:00 - Temperature_FF_Bath state updated to 20.00000000
2015-11-02 19:10:00 - Temperature_FF_Office state updated to 19.70000000
2015-11-02 19:10:00 - Temperature_FF_Child state updated to 20.30000000
2015-11-02 19:10:00 - Temperature_FF_Bed state updated to 17.90000000
2015-11-02 19:10:32 - Weather_Humidity state updated to 93
2015-11-02 19:10:32 - Weather_Temperature state updated to 6
2015-11-02 19:10:33 - Weather_LastUpdate state updated to 2015-11-02T19:10:33
2015-11-02 19:11:33 - Weather_Humidity state updated to 93
2015-11-02 19:11:33 - Weather_Temperature state updated to 6
2015-11-02 19:11:33 - Weather_LastUpdate state updated to 2015-11-02T19:11:33
2015-11-02 19:12:33 - Weather_Humidity state updated to 93
2015-11-02 19:12:33 - Weather_Temperature state updated to 6
2015-11-02 19:12:33 - Weather_LastUpdate state updated to 2015-11-02T19:12:33
2015-11-02 19:13:33 - Weather_Humidity state updated to 93
2015-11-02 19:13:33 - Weather_Temperature state updated to 6
2015-11-02 19:13:33 - Weather_LastUpdate state updated to 2015-11-02T19:13:33
2015-11-02 19:14:33 - Weather_Humidity state updated to 93
2015-11-02 19:14:33 - Weather_Temperature state updated to 6
2015-11-02 19:14:33 - Weather_LastUpdate state updated to 2015-11-02T19:14:33
2015-11-02 19:14:36 - Date state updated to 2015-11-02T19:14:36
2015-11-02 19:15:00 - Temperature_GF_Corridor state updated to 22.10000000
2015-11-02 19:15:00 - Temperature_GF_Toilet state updated to 21.00000000
2015-11-02 19:15:00 - Temperature_GF_Living state updated to 21.90000000
2015-11-02 19:15:00 - Temperature_GF_Kitchen state updated to 17.90000000
2015-11-02 19:15:00 - Temperature_FF_Bath state updated to 20.20000000
2015-11-02 19:15:00 - Temperature_FF_Office state updated to 21.40000000
2015-11-02 19:15:00 - Temperature_FF_Child state updated to 21.30000000
2015-11-02 19:15:00 - Temperature_FF_Bed state updated to 20.20000000
2015-11-02 19:15:33 - Weather_Humidity state updated to 93
2015-11-02 19:15:34 - Weather_Temperature state updated to 6
2015-11-02 19:15:34 - Weather_LastUpdate state updated to 2015-11-02T19:15:34
2015-11-02 19:16:34 - Weather_Humidity state updated to 93
2015-11-02 19:16:34 - Weather_Temperature state updated to 6
2015-11-02 19:16:34 - Weather_LastUpdate state updated to 2015-11-02T19:16:34
2015-11-02 19:17:34 - Weather_Humidity state updated to 93
2015-11-02 19:17:34 - Weather_Temperature state updated to 6
2015-11-02 19:17:34 - Weather_LastUpdate state updated to 2015-11-02T19:17:34
2015-11-02 19:18:34 - Weather_Humidity state updated to 93
2015-11-02 19:18:34 - Weather_Temperature state updated to 6
2015-11-02 19:18:34 - Weather_LastUpdate state updated to 2015-11-02T19:18:34
2015-11-02 19:19:34 - Weather_Humidity state updated to 93
2015-11-02 19:19:35 - Weather_Temperature state updated to 6
2015-11-02 19:19:35 - Weather_LastUpdate state updated to 2015-11-02T19:19:35
2015-11-02 19:20:00 - Temperature_GF_Corridor state updated to 18.20000000
2015-11-02 19:20:00 - Temperature_GF_Toilet state updated to 19.90000000
2015-11-02 19:20:00 - Temperature_GF_Living state updated to 17.80000000
2015-11-02 19:20:00 - Temperature_GF_Kitchen state updated to 19.60000000
2015-11-02 19:20:00 - Temperature_FF_Bath state updated to 18.20000000
2015-11-02 19:20:00 - Temperature_FF_Office state updated to 19.50000000
2015-11-02 19:20:00 - Temperature_FF_Child state updated to 22.00000000
2015-11-02 19:20:00 - Temperature_FF_Bed state updated to 18.50000000
2015-11-02 19:20:35 - Weather_Humidity state updated to 93
2015-11-02 19:20:35 - Weather_Temperature state updated to 6
2015-11-02 19:20:35 - Weather_LastUpdate state updated to 2015-11-02T19:20:35
2015-11-02 19:21:35 - Weather_Humidity state updated to 93
2015-11-02 19:21:35 - Weather_Temperature state updated to 6
2015-11-02 19:21:35 - Weather_LastUpdate state updated to 2015-11-02T19:21:35
2015-11-02 19:22:35 - Weather_Humidity state updated to 93
2015-11-02 19:22:35 - Weather_Temperature state updated to 6
2015-11-02 19:22:35 - Weather_LastUpdate state updated to 2015-11-02T19:22:35
2015-11-02 19:23:36 - Weather_Humidity state updated to 93
2015-11-02 19:23:36 - Weather_Temperature state updated to 6
2015-11-02 19:23:36 - Weather_LastUpdate state updated to 2015-11-02T19:23:36
2015-11-02 19:24:36 - Weather_Humidity state updated to 93
2015-11-02 19:24:36 - Weather_Temperature state updated to 6
2015-11-02 19:24:36 - Weather_LastUpdate state updated to 2015-11-02T19:24:36
2015-11-02 19:25:00 - Temperature_GF_Corridor state updated to 19.10000000
2015-11-02 19:25:00 - Temperature_GF_Toilet state updated to 19.80000000
2015-11-02 19:25:00 - Temperature_GF_Living state updated to 20.80000000
2015-11-02 19:25:00 - Temperature_GF_Kitchen state updated to 19.90000000
2015-11-02 19:25:00 - Temperature_FF_Bath state updated to 18.20000000
2015-11-02 19:25:00 - Temperature_FF_Office state updated to 19.60000000
2015-11-02 19:25:00 - Temperature_FF_Child state updated to 21.80000000
2015-11-02 19:25:00 - Temperature_FF_Bed state updated to 22.10000000
2015-11-02 19:25:36 - Weather_Humidity state updated to 93
2015-11-02 19:25:36 - Weather_Temperature state updated to 6
2015-11-02 19:25:36 - Weather_LastUpdate state updated to 2015-11-02T19:25:36
2015-11-02 19:26:36 - Weather_Humidity state updated to 93
2015-11-02 19:26:36 - Weather_Temperature state updated to 6
2015-11-02 19:26:36 - Weather_LastUpdate state updated to 2015-11-02T19:26:36
2015-11-02 19:27:36 - Weather_Humidity state updated to 93
2015-11-02 19:27:36 - Weather_Temperature state updated to 6
2015-11-02 19:27:36 - Weather_LastUpdate state updated to 2015-11-02T19:27:36
2015-11-02 19:28:37 - Weather_Humidity state updated to 93
2015-11-02 19:28:37 - Weather_Temperature state updated to 6
2015-11-02 19:28:37 - Weather_LastUpdate state updated to 2015-11-02T19:28:37
2015-11-02 19:29:36 - Date state updated to 2015-11-02T19:29:36
2015-11-02 19:29:37 - Weather_Humidity state updated to 93
2015-11-02 19:29:37 - Weather_Temperature state updated to 6
2015-11-02 19:29:37 - Weather_LastUpdate state updated to 2015-11-02T19:29:37
2015-11-02 19:30:00 - Temperature_GF_Corridor state updated to 21.70000000
2015-11-02 19:30:00 - Temperature_GF_Toilet state updated to 17.80000000
2015-11-02 19:30:00 - Temperature_GF_Living state updated to 21.00000000
2015-11-02 19:30:00 - Temperature_GF_Kitchen state updated to 19.20000000
2015-11-02 19:30:00 - Temperature_FF_Bath state updated to 18.70000000
2015-11-02 19:30:00 - Temperature_FF_Office state updated to 22.00000000
2015-11-02 19:30:00 - Temperature_FF_Child state updated to 21.00000000
2015-11-02 19:30:00 - Temperature_FF_Bed state updated to 22.10000000
2015-11-02 19:30:37 - Weather_Humidity state updated to 93
2015-11-02 19:30:37 - Weather_Temperature state updated to 6
2015-11-02 19:30:37 - Weather_LastUpdate state updated to 2015-11-02T19:30:37
2015-11-02 20:04:09 - Temperature_GF_Corridor state updated to 20.60000000
2015-11-02 20:04:09 - Temperature_GF_Toilet state updated to 20.20000000
2015-11-02 20:04:09 - Temperature_GF_Living state updated to 22.00000000
2015-11-02 20:04:09 - Temperature_GF_Kitchen state updated to 18.80000000
2015-11-02 20:04:09 - Temperature_FF_Bath state updated to 19.40000000
2015-11-02 20:04:09 - Temperature_FF_Office state updated to 19.90000000
2015-11-02 20:04:09 - Temperature_FF_Child state updated to 21.10000000
2015-11-02 20:04:09 - Temperature_FF_Bed state updated to 18.60000000
2015-11-02 20:04:58 - Weather_Humidity state updated to 93
2015-11-02 20:04:58 - Weather_Temperature state updated to 6
2015-11-02 20:04:58 - Weather_LastUpdate state updated to 2015-11-02T20:04:58
2015-11-02 20:05:01 - Temperature_GF_Corridor state updated to 19.50000000
2015-11-02 20:05:01 - Temperature_GF_Toilet state updated to 18.50000000
2015-11-02 20:05:01 - Temperature_GF_Living state updated to 20.50000000
2015-11-02 20:05:01 - Temperature_GF_Kitchen state updated to 19.50000000
2015-11-02 20:05:01 - Temperature_FF_Bath state updated to 19.50000000
2015-11-02 20:05:01 - Temperature_FF_Office state updated to 18.80000000
2015-11-02 20:05:01 - Temperature_FF_Child state updated to 21.10000000
2015-11-02 20:05:01 - Temperature_FF_Bed state updated to 19.30000000
2015-11-02 20:05:58 - Weather_Humidity state updated to 93
2015-11-02 20:05:58 - Weather_Temperature state updated to 6
2015-11-02 20:05:58 - Weather_LastUpdate state updated to 2015-11-02T20:05:58
2015-11-02 20:06:58 - Weather_Humidity state updated to 93
2015-11-02 20:06:58 - Weather_Temperature state updated to 6
2015-11-02 20:06:58 - Weather_LastUpdate state updated to 2015-11-02T20:06:58
2015-11-02 20:07:58 - Weather_Humidity state updated to 93
2015-11-02 20:07:59 - Weather_Temperature state updated to 6
2015-11-02 20:07:59 - Weather_LastUpdate state updated to 2015-11-02T20:07:59
2015-11-02 20:08:59 - Weather_Humidity state updated to 93
2015-11-02 20:08:59 - Weather_Temperature state updated to 6
2015-11-02 20:08:59 - Weather_LastUpdate state updated to 2015-11-02T20:08:59
2015-11-02 20:09:59 - Weather_Humidity state updated to 93
2015-11-02 20:09:59 - Weather_Temperature state updated to 6
2015-11-02 20:09:59 - Weather_LastUpdate state updated to 2015-11-02T20:09:59
2015-11-02 20:10:00 - Temperature_GF_Corridor state updated to 19.20000000
2015-11-02 20:10:00 - Temperature_GF_Toilet state updated to 20.30000000
2015-11-02 20:10:00 - Temperature_GF_Living state updated to 19.30000000
2015-11-02 20:10:00 - Temperature_GF_Kitchen state updated to 20.10000000
2015-11-02 20:10:00 - Temperature_FF_Bath state updated to 17.60000000
2015-11-02 20:10:00 - Temperature_FF_Office state updated to 19.40000000
2015-11-02 20:10:00 - Temperature_FF_Child state updated to 21.30000000
2015-11-02 20:10:00 - Temperature_FF_Bed state updated to 21.50000000
2015-11-02 20:10:59 - Weather_Humidity state updated to 93
2015-11-02 20:10:59 - Weather_Temperature state updated to 6
2015-11-02 20:10:59 - Weather_LastUpdate state updated to 2015-11-02T20:10:59
2015-11-02 20:11:59 - Weather_Humidity state updated to 93
2015-11-02 20:12:00 - Weather_Temperature state updated to 6
2015-11-02 20:12:00 - Weather_LastUpdate state updated to 2015-11-02T20:12:00
2015-11-02 20:13:00 - Weather_Humidity state updated to 93
2015-11-02 20:13:00 - Weather_Temperature state updated to 6
2015-11-02 20:13:00 - Weather_LastUpdate state updated to 2015-11-02T20:13:00
2015-11-02 20:14:00 - Weather_Humidity state updated to 93
2015-11-02 20:14:00 - Weather_Temperature state updated to 6
2015-11-02 20:14:00 - Weather_LastUpdate state updated to 2015-11-02T20:14:00
2015-11-02 20:15:00 - Temperature_GF_Corridor state updated to 21.80000000
2015-11-02 20:15:00 - Temperature_GF_Toilet state updated to 20.90000000
2015-11-02 20:15:00 - Temperature_GF_Living state updated to 18.50000000
2015-11-02 20:15:00 - Temperature_GF_Kitchen state updated to 20.10000000
2015-11-02 20:15:00 - Temperature_FF_Bath state updated to 19.00000000
2015-11-02 20:15:00 - Temperature_FF_Office state updated to 22.30000000
2015-11-02 20:15:00 - Temperature_FF_Child state updated to 18.50000000
2015-11-02 20:15:00 - Temperature_FF_Bed state updated to 18.00000000
2015-11-02 20:15:00 - Weather_Humidity state updated to 93
2015-11-02 20:15:00 - Weather_Temperature state updated to 6
2015-11-02 20:15:00 - Weather_LastUpdate state updated to 2015-11-02T20:15:00
2015-11-02 20:16:00 - Weather_Humidity state updated to 93
2015-11-02 20:16:00 - Weather_Temperature state updated to 6
2015-11-02 20:16:00 - Weather_LastUpdate state updated to 2015-11-02T20:16:00
2015-11-02 20:17:01 - Weather_Humidity state updated to 93
2015-11-02 20:17:01 - Weather_Temperature state updated to 6
2015-11-02 20:17:01 - Weather_LastUpdate state updated to 2015-11-02T20:17:01
2015-11-02 20:17:24 - Date state updated to 2015-11-02T20:17:24
2015-11-02 20:18:01 - Weather_Humidity state updated to 93
2015-11-02 20:18:01 - Weather_Temperature state updated to 6
2015-11-02 20:18:01 - Weather_LastUpdate state updated to 2015-11-02T20:18:01
2015-11-02 20:19:01 - Weather_Humidity state updated to 93
2015-11-02 20:19:01 - Weather_Temperature state updated to 6
2015-11-02 20:19:01 - Weather_LastUpdate state updated to 2015-11-02T20:19:01
2015-11-02 20:20:00 - Temperature_GF_Corridor state updated to 17.80000000
2015-11-02 20:20:00 - Temperature_GF_Toilet state updated to 22.40000000
2015-11-02 20:20:00 - Temperature_GF_Living state updated to 18.30000000
2015-11-02 20:20:00 - Temperature_GF_Kitchen state updated to 19.60000000
2015-11-02 20:20:00 - Temperature_FF_Bath state updated to 22.40000000
2015-11-02 20:20:00 - Temperature_FF_Office state updated to 18.20000000
2015-11-02 20:20:00 - Temperature_FF_Child state updated to 20.90000000
2015-11-02 20:20:00 - Temperature_FF_Bed state updated to 22.50000000
2015-11-02 20:20:02 - Weather_Humidity state updated to 93
2015-11-02 20:20:02 - Weather_Temperature state updated to 6
2015-11-02 20:20:02 - Weather_LastUpdate state updated to 2015-11-02T20:20:02
2015-11-02 20:21:03 - Weather_Humidity state updated to 93
2015-11-02 20:21:03 - Weather_Temperature state updated to 6
2015-11-02 20:21:03 - Weather_LastUpdate state updated to 2015-11-02T20:21:03
2015-11-02 20:22:13 - Weather_Humidity state updated to 93
2015-11-02 20:22:13 - Weather_Temperature state updated to 6
2015-11-02 20:22:13 - Weather_LastUpdate state updated to 2015-11-02T20:22:13
<<<<<<< HEAD
2016-01-14 13:57:00 - Date state updated to 2016-01-14T13:57:00
2016-01-14 13:57:58 - Date state updated to 2016-01-14T13:57:58
2016-01-14 14:04:19 - Date state updated to 2016-01-14T14:04:19
2016-01-14 14:05:33 - Date state updated to 2016-01-14T14:05:33
2016-01-14 14:06:32 - Date state updated to 2016-01-14T14:06:32
2016-01-14 14:07:31 - Date state updated to 2016-01-14T14:07:31
2016-01-14 14:08:35 - Date state updated to 2016-01-14T14:08:35
2016-01-14 14:12:44 - Date state updated to 2016-01-14T14:12:44
=======
2016-01-18 11:02:42 - Date state updated to 2016-01-18T11:02:42
2016-01-18 11:04:04 - Date state updated to 2016-01-18T11:04:04
2016-01-18 11:04:17 - Pillbox state updated to PillTaken
Boite fermee
PillTaken

2016-01-18 11:04:19 - Pillbox state updated to Boite fermee
PillTaken
Boite fermee
PillTaken
Boite fermee
PillTaken
Boite fermee

2016-01-18 11:04:21 - Pillbox state updated to PillTaken

2016-01-18 11:04:24 - Pillbox state updated to Boite fermee
PillTaken
Boite fermee
PillTaken
Boite fermee
PillTaken
Boite fermee

2016-01-18 11:04:27 - Pillbox state updated to PillTaken

2016-01-18 11:04:29 - Pillbox state updated to Boite fermee
PillTaken
Boite fermee
PillTaken
Boite fermee
PillTaken
Boite fermee

2016-01-18 11:04:34 - Pillbox state updated to PillTaken
Boite fermee
PillTaken
Boite fermee
PillTaken
Boite fermee
PillTaken

2016-01-18 11:04:37 - Pillbox state updated to Boite fermee
PillTaken
Boite fermee
PillTaken
Boite fermee
PillTaken
Boite fermee

2016-01-18 11:04:41 - Pillbox state updated to PillTaken
Boite fermee
PillTaken
Boite fermee
PillTaken

2016-01-18 11:04:41 - Pillbox state updated to Boite fermee
PillTaken
Boite fermee
PillTaken
Boite fermee
PillTaken
Boite fermee
PillTaken
Boite fermee
PillTaken

2016-01-18 11:05:03 - Pillbox state updated to Boite fermee
PillTaken
Boite fermee

2016-01-18 11:05:06 - Pillbox state updated to PillTaken
Boite fermee
PillTaken
Boite fermee
PillTaken
Boite fermee
PillTaken
Boite fermee
PillTaken

2016-01-18 11:05:08 - Pillbox state updated to Boite fermee
PillTaken
Boite fermee
PillTaken
Boite fermee
PillTaken
Boite fermee

2016-01-18 11:05:09 - Pillbox state updated to PillTaken

2016-01-18 11:05:13 - Pillbox state updated to Boite fermee
PillTaken
Boite fermee
PillTaken
Boite fermee
PillTaken
Boite fermee

2016-01-18 11:05:14 - Pillbox state updated to PillTaken
Boite fermee
PillTaken
Boite fermee
PillTaken
Boite fermee
PillTaken

2016-01-18 11:06:05 - Pillbox state updated to Boite fermee
PillTaken
Boite fermee

2016-01-18 11:06:06 - Pillbox state updated to PillTaken
Boite fermee
PillTaken
Boite fermee
PillTaken

2016-01-18 11:06:33 - Pillbox state updated to Boite fermee
PillTaken
Boite fermee

2016-01-18 11:06:46 - Pillbox state updated to PillTaken
Boite fermee
PillTaken

2016-01-18 11:07:22 - Pillbox state updated to Boite fermee

2016-01-18 11:07:27 - Pillbox state updated to PillTaken
Boite fermee
PillTaken

2016-01-18 11:07:29 - Pillbox state updated to Boite fermee
PillTaken
Boite fermee
PillTaken
Boite fermee
PillTaken

2016-01-18 11:07:31 - Pillbox state updated to Boite fermee
PillTaken
Boite fermee

2016-01-18 11:07:35 - Pillbox state updated to PillTaken
Boite fermee
PillTaken
Boite fermee
PillTaken
Boite fermee
PillTaken

2016-01-18 11:07:37 - Pillbox state updated to Boite fermee
PillTaken
Boite fermee
PillTaken
Boite fermee
PillTaken
Boite fermee

2016-01-18 11:07:38 - Pillbox state updated to PillTaken
Boite fermee
PillTaken
Boite fermee
PillTaken
Boite fermee
PillTaken
Boite fermee
PillTaken
Boite fermee
PillTaken

2016-01-18 11:07:38 - Pillbox state updated to Boite fermee
PillTaken
Boite fermee
PillTaken
Boite fermee
PillTaken

2016-01-18 11:07:39 - Pillbox state updated to Boite fermee
PillTaken
Boite fermee
PillTaken
Boite fermee
PillTaken
Boite fermee
PillTaken
Boite fermee
PillTaken

2016-01-18 11:07:40 - Pillbox state updated to Boite fermee
PillTaken
Boite fermee
PillTaken
Boite fermee
PillTaken
Boite fermee
PillTaken

2016-01-18 11:09:37 - Date state updated to 2016-01-18T11:09:37
2016-01-18 11:09:58 - Pillbox state updated to PillTaken
2

2016-01-18 11:10:03 - Pillbox state updated to Boite fermee
0

2016-01-18 11:10:11 - Pillbox state updated to PillTaken
0

2016-01-18 11:10:17 - Pillbox state updated to Boite fermee
0

2016-01-18 11:10:23 - Pillbox state updated to PillTaken
2

2016-01-18 11:10:23 - Pillbox state updated to Boite fermee
0

2016-01-18 11:10:26 - Pillbox state updated to PillTaken
0

2016-01-18 11:10:27 - Pillbox state updated to Boite fermee
0

2016-01-18 11:10:28 - Pillbox state updated to PillTaken
0

2016-01-18 11:10:29 - Pillbox state updated to Boite fermee
0

2016-01-18 11:10:30 - Pillbox state updated to PillTaken
1023

2016-01-18 11:10:31 - Pillbox state updated to Boite fermee
0

2016-01-18 11:10:32 - Pillbox state updated to PillTaken
0

2016-01-18 11:10:33 - Pillbox state updated to Boite fermee
1

2016-01-18 11:10:34 - Pillbox state updated to PillTaken
2

2016-01-18 11:10:35 - Pillbox state updated to Boite fermee
1

2016-01-18 11:10:36 - Pillbox state updated to PillTaken
0

2016-01-18 11:12:12 - Date state updated to 2016-01-18T11:12:12
2016-01-18 11:12:41 - Pillbox state updated to PillTaken
61

2016-01-18 11:13:18 - Pillbox state updated to Boite fermee
0

2016-01-18 11:13:26 - Pillbox state updated to PillTaken
1

2016-01-18 11:13:29 - Pillbox state updated to Boite fermee
0

2016-01-18 11:13:30 - Pillbox state updated to PillTaken
1023

2016-01-18 11:15:18 - Date state updated to 2016-01-18T11:15:17
2016-01-18 11:15:43 - Pillbox state updated to Boite fermee
5

2016-01-18 11:15:49 - Pillbox state updated to PillTaken
1023

2016-01-18 11:16:03 - Pillbox state updated to Boite fermee
0

2016-01-18 11:16:05 - Pillbox state updated to PillTaken
0

2016-01-18 11:16:13 - Pillbox state updated to Boite fermee
0

2016-01-18 11:16:18 - Pillbox state updated to PillTaken
1023

2016-01-18 11:17:19 - Pillbox state updated to Boite fermee
28

2016-01-18 11:17:21 - Pillbox state updated to PillTaken
1023

2016-01-18 11:17:22 - Pillbox state updated to Boite fermee
0

2016-01-18 11:17:24 - Pillbox state updated to PillTaken
1023

2016-01-18 11:19:32 - Date state updated to 2016-01-18T11:19:32
2016-01-18 11:20:03 - Pillbox state updated to PillTaken

2016-01-18 11:20:08 - Pillbox state updated to Boite fermee

2016-01-18 11:20:11 - Pillbox state updated to PillTaken

2016-01-18 11:20:12 - Pillbox state updated to Boite fermee

2016-01-18 11:20:15 - Pillbox state updated to PillTaken

2016-01-18 11:20:19 - Pillbox state updated to Boite fermee

2016-01-18 11:20:20 - Pillbox state updated to PillTaken

2016-01-18 11:20:20 - Pillbox state updated to Boite fermee

2016-01-18 11:20:22 - Pillbox state updated to PillTaken

2016-01-18 11:22:45 - Date state updated to 2016-01-18T11:22:45
2016-01-18 11:22:50 - Pillbox state updated to PillTaken

2016-01-18 11:22:54 - Pillbox state updated to Boite fermee

2016-01-18 11:22:55 - Pillbox state updated to PillTaken

2016-01-18 11:22:56 - Pillbox state updated to Boite fermee

2016-01-18 11:22:57 - Pillbox state updated to PillTaken

2016-01-18 11:24:11 - Date state updated to 2016-01-18T11:24:11
2016-01-18 11:24:14 - Pillbox state updated to PillTaken

2016-01-18 11:24:16 - Pillbox state updated to Boite fermee

2016-01-18 11:24:18 - Pillbox state updated to PillTaken

2016-01-18 11:24:19 - Pillbox state updated to Boite fermee

2016-01-18 11:24:20 - Pillbox state updated to PillTaken

2016-01-18 11:40:03 - Date state updated to 2016-01-18T11:40:03
2016-01-18 11:40:11 - Pillbox state updated to PillTaken

2016-01-18 11:40:15 - Pillbox state updated to Boite fermee

2016-01-18 11:40:19 - Pillbox state updated to PillTaken

2016-01-18 11:40:21 - Pillbox state updated to Boite fermee

2016-01-18 11:40:22 - Pillbox state updated to PillTaken

2016-01-18 11:40:37 - Led1 received command ON
2016-01-18 11:40:39 - Led1 received command OFF
2016-01-18 11:42:32 - Date state updated to 2016-01-18T11:42:32
2016-01-18 11:42:52 - Led1 received command ON
2016-01-18 11:42:52 - Pillbox received command CLIGNOTE;
2016-01-18 11:42:53 - Led1 received command OFF
2016-01-18 11:42:53 - Pillbox received command CLIGNOTE;
2016-01-18 11:42:53 - Pillbox state updated to Clignote

2016-01-18 11:42:55 - Pillbox state updated to Clignote

2016-01-18 11:42:56 - Led1 received command ON
2016-01-18 11:42:56 - Pillbox received command CLIGNOTE;
2016-01-18 11:42:57 - Pillbox state updated to Clignote

2016-01-18 11:42:58 - Led1 received command OFF
2016-01-18 11:42:58 - Pillbox received command CLIGNOTE;
2016-01-18 11:42:59 - Pillbox state updated to Clignote

2016-01-18 11:43:01 - Pillbox state updated to Clignote

2016-01-18 11:43:03 - Pillbox state updated to Clignote

2016-01-18 11:43:05 - Pillbox state updated to Clignote

2016-01-18 11:43:07 - Pillbox state updated to Clignote

2016-01-18 11:43:09 - Pillbox state updated to Clignote

2016-01-18 11:43:11 - Pillbox state updated to Clignote

2016-01-18 11:43:13 - Pillbox state updated to Clignote

2016-01-18 11:43:15 - Pillbox state updated to Clignote

2016-01-18 11:43:17 - Pillbox state updated to Clignote

2016-01-18 11:43:19 - Pillbox state updated to Clignote

2016-01-18 11:43:21 - Pillbox state updated to PillTaken

2016-01-18 11:43:22 - Pillbox state updated to Clignote

2016-01-18 11:43:24 - Pillbox state updated to Clignote

2016-01-18 11:58:14 - Date state updated to 2016-01-18T11:58:14
2016-01-18 11:58:37 - Led1 received command ON
2016-01-18 11:58:42 - Led1 received command OFF
2016-01-18 11:58:47 - Led1 received command ON
2016-01-18 11:58:49 - Led1 received command OFF
2016-01-18 11:59:00 - Pillbox state updated to PillTaken

2016-01-18 11:59:02 - Pillbox state updated to Boite fermee

2016-01-18 11:59:08 - Pillbox state updated to PillTaken

2016-01-18 12:03:40 - Date state updated to 2016-01-18T12:03:40
2016-01-18 12:04:02 - Led1 received command ON
2016-01-18 12:05:49 - Led1 received command OFF
2016-01-18 12:05:50 - Pillbox state updated to PillTaken

2016-01-18 12:06:08 - Led1 received command ON
2016-01-18 12:06:09 - Led1 received command OFF
2016-01-18 12:08:33 - Date state updated to 2016-01-18T12:08:33
2016-01-18 12:09:11 - Led1 received command ON
2016-01-18 12:09:27 - Led1 received command OFF
2016-01-18 12:10:42 - Date state updated to 2016-01-18T12:10:42
2016-01-18 12:11:09 - Led1 received command ON
2016-01-18 12:11:10 - Pillbox received command CLIGNOTE;
2016-01-18 12:11:11 - Pillbox state updated to Clignote

2016-01-18 12:11:13 - Pillbox state updated to Clignote

2016-01-18 12:11:15 - Pillbox state updated to Clignote

2016-01-18 12:11:17 - Pillbox state updated to Clignote

2016-01-18 12:11:19 - Pillbox state updated to Clignote

2016-01-18 12:11:21 - Pillbox state updated to Clignote

2016-01-18 12:11:23 - Pillbox state updated to Clignote

2016-01-18 12:11:25 - Pillbox state updated to Clignote

2016-01-18 12:11:27 - Pillbox state updated to Clignote

2016-01-18 12:11:29 - Pillbox state updated to Clignote

2016-01-18 12:11:29 - Led1 received command OFF
2016-01-18 12:11:29 - Pillbox received command STOP;
2016-01-18 12:12:02 - Pillbox state updated to PillTaken

2016-01-18 12:12:13 - Pillbox state updated to Boite fermee

2016-01-18 12:12:15 - Pillbox state updated to PillTaken

2016-01-18 12:22:53 - Date state updated to 2016-01-18T12:22:53
2016-01-18 12:23:02 - Led1 received command ON
2016-01-18 12:23:36 - Pillbox state updated to PillTaken

2016-01-18 12:24:06 - Pillbox state updated to PillTaken

2016-01-18 12:26:11 - Date state updated to 2016-01-18T12:26:11
2016-01-18 12:26:27 - Alarme_pilulier received command ON
2016-01-18 12:26:28 - Pillbox received command CLIGNOTE;
2016-01-18 12:26:30 - Pillbox state updated to Clignote

2016-01-18 12:26:32 - Pillbox state updated to Clignote

2016-01-18 12:26:34 - Pillbox state updated to Clignote

2016-01-18 12:26:36 - Pillbox state updated to Clignote

2016-01-18 12:26:38 - Pillbox state updated to Clignote

2016-01-18 12:26:40 - Pillbox state updated to Clignote

2016-01-18 12:26:42 - Pillbox state updated to Clignote

2016-01-18 12:26:44 - Pillbox state updated to Clignote

2016-01-18 12:26:46 - Pillbox state updated to Clignote

2016-01-18 12:26:48 - Pillbox state updated to Clignote

2016-01-18 12:26:50 - Pillbox state updated to Clignote

2016-01-18 12:26:52 - Pillbox state updated to Clignote

2016-01-18 12:26:54 - Pillbox state updated to Clignote

2016-01-18 12:26:56 - Pillbox state updated to Clignote

2016-01-18 12:26:58 - Pillbox state updated to Clignote

2016-01-18 12:27:00 - Pillbox state updated to Clignote

2016-01-18 12:27:02 - Pillbox state updated to Clignote

2016-01-18 12:27:04 - Pillbox state updated to Clignote

2016-01-18 12:27:06 - Pillbox state updated to Clignote

2016-01-18 12:27:08 - Pillbox state updated to Clignote

2016-01-18 12:27:10 - Pillbox state updated to Clignote

2016-01-18 12:27:12 - Pillbox state updated to Clignote

2016-01-18 12:27:14 - Pillbox state updated to Clignote

2016-01-18 12:27:16 - Pillbox state updated to Clignote

2016-01-18 12:27:18 - Pillbox state updated to Clignote

2016-01-18 12:27:20 - Pillbox state updated to Clignote

2016-01-18 12:27:22 - Pillbox state updated to Clignote

2016-01-18 12:27:24 - Pillbox state updated to Clignote

2016-01-18 12:27:26 - Pillbox state updated to Clignote

2016-01-18 12:27:28 - Pillbox state updated to Clignote

2016-01-18 12:27:30 - Pillbox state updated to Clignote

2016-01-18 12:27:31 - Alarme_pilulier received command OFF
2016-01-18 12:27:32 - Pillbox received command STOP;
2016-01-18 12:27:32 - Pillbox state updated to Clignote

2016-01-18 12:27:37 - Alarme_pilulier received command ON
2016-01-18 12:27:37 - Pillbox received command CLIGNOTE;
2016-01-18 12:27:38 - Pillbox state updated to Clignote

2016-01-18 12:27:39 - Alarme_pilulier received command OFF
2016-01-18 12:27:39 - Pillbox received command STOP;
>>>>>>> 6bdd090e5573138771765c2f901427ed28eed5f6
2016-01-18 14:44:18 - Date state updated to 2016-01-18T14:44:18
2016-01-18 14:46:49 - Date state updated to 2016-01-18T14:46:49
2016-01-18 14:52:06 - Date state updated to 2016-01-18T14:52:06
2016-01-18 14:54:49 - Date state updated to 2016-01-18T14:54:49
2016-01-18 15:35:50 - Date state updated to 2016-01-18T15:35:50
2016-01-18 15:36:04 - Pillbox state updated to Boite fermee

2016-01-18 15:36:09 - Pillbox state updated to PillTaken

2016-01-18 15:36:14 - Pillbox state updated to Boite fermee

2016-01-18 15:36:19 - Pillbox state updated to PillTaken

2016-01-18 15:40:42 - Pillbox state updated to PillTaken

2016-01-18 15:40:44 - Date state updated to 2016-01-18T15:40:44
2016-01-18 15:41:47 - Pillbox state updated to PillTaken

2016-01-18 15:41:49 - Date state updated to 2016-01-18T15:41:49
2016-01-18 15:41:57 - Alarme_pilulier received command ON
2016-01-18 15:41:57 - Pillbox received command CLIGNOTE;
2016-01-18 15:41:58 - Pillbox state updated to Clignote

2016-01-18 15:42:00 - Pillbox state updated to Clignote

2016-01-18 15:42:02 - Pillbox state updated to Clignote

2016-01-18 15:42:03 - Alarme_pilulier received command OFF
2016-01-18 15:42:03 - Pillbox received command STOP;
2016-01-18 15:42:14 - Pillbox state updated to Boite fermee

2016-01-18 15:42:18 - Pillbox state updated to PillTaken

2016-01-18 15:42:22 - Pillbox state updated to Boite fermee

2016-01-18 15:42:24 - Pillbox state updated to PillTaken

2016-01-18 15:42:27 - Pillbox state updated to Boite fermee

2016-01-18 15:42:29 - Pillbox state updated to PillTaken

2016-01-18 15:42:33 - Alarme_pilulier received command ON
2016-01-18 15:42:36 - Alarme_pilulier received command OFF
2016-01-18 15:42:36 - Pillbox received command STOP;
2016-01-18 15:45:55 - Pillbox state updated to PillTaken

2016-01-18 15:45:57 - Date state updated to 2016-01-18T15:45:57
2016-01-18 15:47:24 - Alarme_pilulier received command ON
2016-01-18 15:47:25 - Pillbox received command CLIGNOTE;
2016-01-18 15:47:26 - Pillbox state updated to Clignote

2016-01-18 15:47:28 - Pillbox state updated to Clignote

2016-01-18 15:47:28 - Alarme_pilulier received command OFF
2016-01-18 15:47:28 - Pillbox received command STOP;
2016-01-18 15:54:19 - Pillbox state updated to PillTaken

2016-01-18 15:54:26 - Date state updated to 2016-01-18T15:54:26
2016-01-18 15:54:40 - Alarme_pilulier received command ON
2016-01-18 15:54:41 - Pillbox received command CLIGNOTE;
2016-01-18 15:54:42 - Pillbox state updated to Clignote

2016-01-18 15:54:44 - Pillbox state updated to Clignote

2016-01-18 15:54:44 - Alarme_pilulier received command OFF
2016-01-18 15:54:44 - Pillbox received command STOP;
2016-01-18 16:03:35 - Pillbox state updated to PillTaken

2016-01-18 16:08:36 - Pillbox state updated to PillTaken

2016-01-18 16:08:38 - Date state updated to 2016-01-18T16:08:38
2016-01-18 16:11:05 - Alarme_pilulier received command ON
2016-01-18 16:11:09 - Alarme_pilulier received command ON
2016-01-18 16:11:13 - Fin_periode_pilulier received command ON
2016-01-18 16:11:16 - Fin_periode_pilulier received command ON
2016-01-18 16:14:03 - Pillbox state updated to PillTaken

2016-01-18 16:16:23 - Pillbox state updated to PillTaken

2016-01-18 16:17:12 - Date state updated to 2016-01-18T16:17:12
2016-01-18 16:20:06 - Alarme_pilulier received command ON
2016-01-18 16:20:06 - Pillbox received command CLIGNOTE;
2016-01-18 16:20:06 - Alarme_pilulier received command OFF
2016-01-18 16:20:06 - Pillbox received command CLIGNOTE;
2016-01-18 16:20:07 - Pillbox state updated to Clignote

2016-01-18 16:20:09 - Pillbox state updated to Clignote

2016-01-18 16:20:10 - Alarme_pilulier received command ON
2016-01-18 16:20:10 - Pillbox received command CLIGNOTE;
2016-01-18 16:20:11 - Pillbox state updated to Clignote

2016-01-18 16:20:13 - Pillbox state updated to Clignote

2016-01-18 16:20:14 - Alarme_pilulier received command OFF
2016-01-18 16:20:14 - Pillbox received command CLIGNOTE;
2016-01-18 16:20:15 - Pillbox state updated to Clignote

2016-01-18 16:20:17 - Fin_periode_pilulier received command ON
2016-01-18 16:20:17 - Pillbox state updated to Clignote

2016-01-18 16:20:19 - Pillbox state updated to Clignote

2016-01-18 16:20:20 - Fin_periode_pilulier received command ON
2016-01-18 16:20:21 - Pillbox state updated to Clignote

2016-01-18 16:20:23 - Pillbox state updated to Clignote

2016-01-18 16:20:25 - Pillbox state updated to Clignote

2016-01-18 16:20:27 - Pillbox state updated to Clignote

2016-01-18 16:20:29 - Pillbox state updated to Clignote

2016-01-18 16:20:31 - Pillbox state updated to Clignote

2016-01-18 16:20:33 - Pillbox state updated to Clignote

2016-01-18 16:22:09 - Date state updated to 2016-01-18T16:22:09
2016-01-18 16:22:53 - Alarme_pilulier received command ON
2016-01-18 16:22:54 - Pillbox received command CLIGNOTE;
2016-01-18 16:22:55 - Pillbox state updated to Clignote

2016-01-18 16:22:57 - Pillbox state updated to Clignote

2016-01-18 16:22:59 - Pillbox state updated to Clignote

2016-01-18 16:23:00 - Fin_periode_pilulier received command ON
2016-01-18 16:23:01 - Pillbox state updated to Clignote

2016-01-18 16:23:03 - Pillbox state updated to Clignote

2016-01-18 16:23:04 - Fin_periode_pilulier received command OFF
2016-01-18 16:23:05 - Pillbox state updated to Clignote

2016-01-18 16:23:06 - Fin_periode_pilulier received command ON
2016-01-18 16:23:07 - Pillbox state updated to Clignote

2016-01-18 16:23:09 - Alarme_pilulier received command OFF
2016-01-18 16:23:09 - Pillbox received command CLIGNOTE;
2016-01-18 16:23:10 - Pillbox state updated to Clignote

2016-01-18 16:23:12 - Pillbox state updated to Clignote

2016-01-18 16:23:14 - Pillbox state updated to Clignote

2016-01-18 16:23:16 - Pillbox state updated to Clignote

2016-01-18 16:23:18 - Pillbox state updated to Clignote

2016-01-18 16:23:20 - Pillbox state updated to Clignote

2016-01-18 16:23:22 - Pillbox state updated to Clignote

2016-01-18 16:23:24 - Pillbox state updated to Clignote

2016-01-18 16:23:26 - Pillbox state updated to Clignote

2016-01-18 16:23:28 - Pillbox state updated to Clignote

2016-01-18 16:23:30 - Pillbox state updated to Clignote

2016-01-18 16:23:32 - Pillbox state updated to Clignote

2016-01-18 16:23:34 - Pillbox state updated to Clignote

2016-01-18 16:23:36 - Pillbox state updated to Clignote

2016-01-18 16:27:55 - Date state updated to 2016-01-18T16:27:55
2016-01-18 16:29:38 - Alarme_pilulier received command ON
2016-01-18 16:29:39 - Pillbox received command CLIGNOTE;
2016-01-18 16:29:40 - Pillbox state updated to Clignote

2016-01-18 16:29:42 - Pillbox state updated to Clignote

2016-01-18 16:29:43 - Alarme_pilulier received command OFF
2016-01-18 16:29:43 - Pillbox received command CLIGNOTE;
2016-01-18 16:29:44 - Pillbox state updated to Clignote

2016-01-18 16:29:45 - Fin_periode_pilulier received command ON
2016-01-18 16:29:46 - Pillbox state updated to Clignote

2016-01-18 16:29:48 - Pillbox state updated to Clignote

2016-01-18 16:29:48 - Pillbox received command STOP;
2016-01-18 16:29:50 - Fin_periode_pilulier received command OFF
2016-01-18 16:29:51 - Pillbox received command STOP;
2016-01-18 16:29:56 - Alarme_pilulier received command ON
2016-01-18 16:29:56 - Pillbox received command CLIGNOTE;
2016-01-18 16:29:57 - Pillbox state updated to Clignote

2016-01-18 16:29:59 - Alarme_pilulier received command OFF
2016-01-18 16:29:59 - Pillbox received command CLIGNOTE;
2016-01-18 16:30:00 - Pillbox state updated to Clignote

2016-01-18 16:30:02 - Pillbox state updated to Clignote

2016-01-18 16:30:02 - Fin_periode_pilulier received command ON
2016-01-18 16:30:04 - Pillbox received command STOP;
2016-01-18 16:30:04 - Pillbox state updated to Clignote

2016-01-18 16:30:04 - Fin_periode_pilulier received command OFF
2016-01-18 16:30:06 - Pillbox received command STOP;
2016-01-18 16:35:57 - Pillbox state updated to PillTaken

2016-01-18 16:35:57 - Pillbox received command STOP;
2016-01-18 16:35:59 - Pillbox state updated to Boite fermee

2016-01-18 16:41:45 - Date state updated to 2016-01-18T16:41:45
2016-01-18 16:43:39 - Pillbox state updated to PillTaken

2016-01-18 16:43:45 - Pillbox state updated to Boite fermee

2016-01-18 16:43:48 - Pillbox state updated to PillTaken

2016-01-18 16:43:51 - Pillbox state updated to Boite fermee

2016-01-18 16:46:04 - Date state updated to 2016-01-18T16:46:04
2016-01-18 16:46:49 - Pillbox state updated to PillTaken

2016-01-18 16:46:49 - Pillbox received command STOP;
2016-01-18 16:46:53 - Pillbox state updated to Boite fermee

2016-01-18 16:46:58 - Pillbox state updated to PillTaken

2016-01-18 16:47:02 - Pillbox state updated to Boite fermee

2016-01-18 16:47:08 - Alarme_pilulier received command ON
2016-01-18 16:47:15 - Alarme_pilulier received command OFF
2016-01-18 16:47:17 - Fin_periode_pilulier received command ON
2016-01-18 16:47:19 - Fin_periode_pilulier received command OFF
2016-01-18 16:47:53 - Date state updated to 2016-01-18T16:47:53
2016-01-18 16:48:57 - Alarme_pilulier received command ON
2016-01-18 16:48:57 - Pillbox received command CLIGNOTE;
2016-01-18 16:48:58 - Pillbox state updated to Clignote

2016-01-18 16:49:00 - Pillbox state updated to Clignote

2016-01-18 16:49:02 - Pillbox state updated to Clignote

2016-01-18 16:49:04 - Pillbox state updated to PillTaken

2016-01-18 16:49:05 - Pillbox received command STOP;
2016-01-18 16:49:05 - Pillbox state updated to Clignote

2016-01-18 16:49:07 - Pillbox state updated to Boite fermee

2016-01-18 16:50:10 - Date state updated to 2016-01-18T16:50:10
2016-01-18 16:50:30 - Alarme_pilulier received command ON
2016-01-18 16:50:31 - Pillbox received command CLIGNOTE;
2016-01-18 16:50:32 - Alarme_pilulier received command OFF
2016-01-18 16:50:32 - Pillbox received command CLIGNOTE;
2016-01-18 16:50:32 - Pillbox state updated to Clignote

2016-01-18 16:50:34 - Pillbox state updated to Clignote

2016-01-18 16:50:36 - Pillbox state updated to Clignote

2016-01-18 16:50:38 - Pillbox state updated to Clignote

2016-01-18 16:50:40 - Pillbox state updated to PillTaken

2016-01-18 16:50:40 - Pillbox received command STOP;
2016-01-18 16:50:40 - Pillbox state updated to Clignote

2016-01-18 16:50:44 - Pillbox state updated to Boite fermee

2016-01-18 16:52:18 - Pillbox state updated to PillTaken

2016-01-18 16:52:20 - Date state updated to 2016-01-18T16:52:20
2016-01-18 16:52:22 - Pillbox state updated to Boite fermee

2016-01-18 16:52:24 - Pillbox state updated to PillTaken

2016-01-18 16:52:24 - Pillbox received command STOP;
2016-01-18 16:52:27 - Pillbox state updated to Boite fermee

2016-01-18 16:52:30 - Pillbox state updated to PillTaken

2016-01-18 16:54:52 - Pillbox state updated to Boite fermee

