2015-11-02 16:23:22.840 [WARN ] [o.config.core.ConfigDispatcher] - Main openHAB configuration file 'configurations/openhab.cfg' does not exist.
2015-11-02 16:23:22.861 [INFO ] [.o.core.internal.CoreActivator] - openHAB runtime has been started (v1.7.1).
2015-11-02 16:23:24.093 [INFO ] [o.o.i.s.i.DiscoveryServiceImpl] - mDNS service has been started
2015-11-02 16:23:24.187 [INFO ] [o.o.i.s.i.DiscoveryServiceImpl] - Service Discovery initialization completed.
2015-11-02 16:23:26.882 [INFO ] [penhab.io.rest.RESTApplication] - Started REST API at /rest
2015-11-02 16:23:34.427 [INFO ] [.o.u.w.i.servlet.WebAppServlet] - Started Classic UI at /openhab.app
2015-11-02 16:23:49.578 [INFO ] [penhab.io.rest.RESTApplication] - Stopped REST API
2015-11-02 16:23:53.594 [INFO ] [.o.u.w.i.servlet.WebAppServlet] - Stopped Classic UI
2015-11-02 16:25:01.615 [WARN ] [o.config.core.ConfigDispatcher] - Main openHAB configuration file 'configurations/openhab.cfg' does not exist.
2015-11-02 16:25:01.624 [INFO ] [.o.core.internal.CoreActivator] - openHAB runtime has been started (v1.7.1).
2015-11-02 16:25:02.969 [INFO ] [o.o.i.s.i.DiscoveryServiceImpl] - mDNS service has been started
2015-11-02 16:25:03.068 [INFO ] [o.o.i.s.i.DiscoveryServiceImpl] - Service Discovery initialization completed.
2015-11-02 16:25:06.258 [INFO ] [penhab.io.rest.RESTApplication] - Started REST API at /rest
2015-11-02 16:25:12.734 [INFO ] [c.internal.ModelRepositoryImpl] - Loading model 'demo.sitemap'
2015-11-02 16:25:13.146 [INFO ] [c.internal.ModelRepositoryImpl] - Loading model 'exec.persist'
2015-11-02 16:25:13.167 [INFO ] [c.internal.ModelRepositoryImpl] - Loading model 'rrd4j.persist'
2015-11-02 16:25:13.182 [INFO ] [c.internal.ModelRepositoryImpl] - Loading model 'logging.persist'
2015-11-02 16:25:13.192 [INFO ] [c.internal.ModelRepositoryImpl] - Loading model 'db4o.persist'
2015-11-02 16:25:13.433 [INFO ] [penhab.io.rest.RESTApplication] - Stopped REST API
2015-11-02 16:25:13.450 [INFO ] [c.internal.ModelRepositoryImpl] - Loading model 'demo.script'
2015-11-02 16:25:13.672 [INFO ] [c.internal.ModelRepositoryImpl] - Loading model 'demo.items'
2015-11-02 16:27:15.267 [WARN ] [o.config.core.ConfigDispatcher] - Main openHAB configuration file 'configurations/openhab.cfg' does not exist.
2015-11-02 16:27:15.304 [INFO ] [.o.core.internal.CoreActivator] - openHAB runtime has been started (v1.7.1).
2015-11-02 16:27:18.021 [INFO ] [o.o.i.s.i.DiscoveryServiceImpl] - mDNS service has been started
2015-11-02 16:27:18.196 [INFO ] [o.o.i.s.i.DiscoveryServiceImpl] - Service Discovery initialization completed.
2015-11-02 16:27:23.332 [INFO ] [penhab.io.rest.RESTApplication] - Started REST API at /rest
2015-11-02 16:27:26.919 [INFO ] [c.internal.ModelRepositoryImpl] - Loading model 'demo.sitemap'
2015-11-02 16:27:27.225 [INFO ] [c.internal.ModelRepositoryImpl] - Loading model 'exec.persist'
2015-11-02 16:27:27.279 [INFO ] [c.internal.ModelRepositoryImpl] - Loading model 'rrd4j.persist'
2015-11-02 16:27:27.303 [INFO ] [c.internal.ModelRepositoryImpl] - Loading model 'logging.persist'
2015-11-02 16:27:27.343 [INFO ] [c.internal.ModelRepositoryImpl] - Loading model 'db4o.persist'
2015-11-02 16:27:27.466 [INFO ] [c.internal.ModelRepositoryImpl] - Loading model 'demo.script'
2015-11-02 16:27:27.643 [INFO ] [c.internal.ModelRepositoryImpl] - Loading model 'demo.items'
2015-11-02 16:27:28.547 [INFO ] [.o.u.w.i.servlet.WebAppServlet] - Started Classic UI at /openhab.app
2015-11-02 16:27:31.247 [INFO ] [.service.AbstractActiveService] - HTTP Refresh Service has been started
2015-11-02 16:27:31.395 [INFO ] [.service.AbstractActiveService] - NTP Refresh Service has been started
2015-11-02 16:27:36.484 [WARN ] [inding.ntp.internal.NtpBinding] - couldn't establish network connection [host 'ptbtime1.ptb.de'] -> returning current sytem time instead
2015-11-02 16:27:37.890 [INFO ] [c.internal.ModelRepositoryImpl] - Loading model 'demo.rules'
2015-11-02 16:27:39.244 [ERROR] [m.r.internal.engine.RuleEngine] - Error during the execution of startup rule 'Initialize light states': Could not invoke method: org.openhab.model.script.actions.BusEvent.postUpdate(org.openhab.core.items.Item,java.lang.Number) on instance: null
2015-11-02 16:27:39.353 [ERROR] [m.r.internal.engine.RuleEngine] - Error during the execution of startup rule 'Initialize heating states': Could not invoke method: org.openhab.model.script.actions.BusEvent.postUpdate(org.openhab.core.items.Item,java.lang.Number) on instance: null
2015-11-02 16:27:39.476 [ERROR] [m.r.internal.engine.RuleEngine] - Error during the execution of startup rule 'Initialize contact states': Could not invoke method: org.openhab.model.script.actions.BusEvent.postUpdate(org.openhab.core.items.Item,java.lang.Number) on instance: null
2015-11-02 16:27:40.049 [INFO ] [g.openhab.model.script.Weather] - Temperature evolved of null degrees.
2015-11-02 16:28:00.182 [INFO ] [o.model.script.PersistenceDemo] - 2 minutes ago, the temperature was null degrees.
2015-11-02 16:29:07.837 [WARN ] [e.jetty.servlet.ServletHandler] - /openhab.app
org.openhab.ui.webapp.render.RenderException: Sitemap 'default' could not be found
	at org.openhab.ui.webapp.internal.servlet.WebAppServlet.service(WebAppServlet.java:114) ~[na:na]
	at org.eclipse.equinox.http.servlet.internal.ServletRegistration.service(ServletRegistration.java:61) ~[na:na]
	at org.eclipse.equinox.http.servlet.internal.ProxyServlet.processAlias(ProxyServlet.java:128) ~[na:na]
	at org.eclipse.equinox.http.servlet.internal.ProxyServlet.service(ProxyServlet.java:60) ~[na:na]
	at javax.servlet.http.HttpServlet.service(HttpServlet.java:848) ~[javax.servlet_3.0.0.v201112011016.jar:na]
	at org.eclipse.jetty.servlet.ServletHolder.handle(ServletHolder.java:598) ~[org.eclipse.jetty.servlet_8.1.3.v20120522.jar:8.1.3.v20120522]
	at org.eclipse.jetty.servlet.ServletHandler.doHandle(ServletHandler.java:486) [org.eclipse.jetty.servlet_8.1.3.v20120522.jar:8.1.3.v20120522]
	at org.eclipse.jetty.server.session.SessionHandler.doHandle(SessionHandler.java:231) [org.eclipse.jetty.server_8.1.3.v20120522.jar:8.1.3.v20120522]
	at org.eclipse.jetty.server.handler.ContextHandler.doHandle(ContextHandler.java:1065) [org.eclipse.jetty.server_8.1.3.v20120522.jar:8.1.3.v20120522]
	at org.eclipse.jetty.servlet.ServletHandler.doScope(ServletHandler.java:413) [org.eclipse.jetty.servlet_8.1.3.v20120522.jar:8.1.3.v20120522]
	at org.eclipse.jetty.server.session.SessionHandler.doScope(SessionHandler.java:192) [org.eclipse.jetty.server_8.1.3.v20120522.jar:8.1.3.v20120522]
	at org.eclipse.jetty.server.handler.ContextHandler.doScope(ContextHandler.java:999) [org.eclipse.jetty.server_8.1.3.v20120522.jar:8.1.3.v20120522]
	at org.eclipse.jetty.server.handler.ScopedHandler.handle(ScopedHandler.java:117) [org.eclipse.jetty.server_8.1.3.v20120522.jar:8.1.3.v20120522]
	at org.eclipse.jetty.server.handler.ContextHandlerCollection.handle(ContextHandlerCollection.java:250) [org.eclipse.jetty.server_8.1.3.v20120522.jar:8.1.3.v20120522]
	at org.eclipse.jetty.server.handler.HandlerCollection.handle(HandlerCollection.java:149) [org.eclipse.jetty.server_8.1.3.v20120522.jar:8.1.3.v20120522]
	at org.eclipse.jetty.server.handler.HandlerWrapper.handle(HandlerWrapper.java:111) [org.eclipse.jetty.server_8.1.3.v20120522.jar:8.1.3.v20120522]
	at org.eclipse.jetty.server.Server.handle(Server.java:350) [org.eclipse.jetty.server_8.1.3.v20120522.jar:8.1.3.v20120522]
	at org.eclipse.jetty.server.AbstractHttpConnection.handleRequest(AbstractHttpConnection.java:454) [org.eclipse.jetty.server_8.1.3.v20120522.jar:8.1.3.v20120522]
	at org.eclipse.jetty.server.AbstractHttpConnection.headerComplete(AbstractHttpConnection.java:890) [org.eclipse.jetty.server_8.1.3.v20120522.jar:8.1.3.v20120522]
	at org.eclipse.jetty.server.AbstractHttpConnection$RequestHandler.headerComplete(AbstractHttpConnection.java:944) [org.eclipse.jetty.server_8.1.3.v20120522.jar:8.1.3.v20120522]
	at org.eclipse.jetty.http.HttpParser.parseNext(HttpParser.java:630) [org.eclipse.jetty.http_8.1.3.v20120522.jar:8.1.3.v20120522]
	at org.eclipse.jetty.http.HttpParser.parseAvailable(HttpParser.java:230) [org.eclipse.jetty.http_8.1.3.v20120522.jar:8.1.3.v20120522]
	at org.eclipse.jetty.server.AsyncHttpConnection.handle(AsyncHttpConnection.java:77) [org.eclipse.jetty.server_8.1.3.v20120522.jar:8.1.3.v20120522]
	at org.eclipse.jetty.io.nio.SelectChannelEndPoint.handle(SelectChannelEndPoint.java:606) [org.eclipse.jetty.io_8.1.3.v20120522.jar:8.1.3.v20120522]
	at org.eclipse.jetty.io.nio.SelectChannelEndPoint$1.run(SelectChannelEndPoint.java:46) [org.eclipse.jetty.io_8.1.3.v20120522.jar:8.1.3.v20120522]
	at org.eclipse.jetty.util.thread.QueuedThreadPool.runJob(QueuedThreadPool.java:603) [org.eclipse.jetty.util_8.1.3.v20120522.jar:8.1.3.v20120522]
	at org.eclipse.jetty.util.thread.QueuedThreadPool$3.run(QueuedThreadPool.java:538) [org.eclipse.jetty.util_8.1.3.v20120522.jar:8.1.3.v20120522]
	at java.lang.Thread.run(Thread.java:745) [na:1.8.0_66]
2015-11-02 16:30:17.155 [INFO ] [penhab.io.rest.RESTApplication] - Stopped REST API
2015-11-02 16:30:21.189 [INFO ] [.o.u.w.i.servlet.WebAppServlet] - Stopped Classic UI
2015-11-02 16:30:29.205 [INFO ] [.o.core.internal.CoreActivator] - openHAB runtime has been started (v1.7.1).
2015-11-02 16:30:30.791 [INFO ] [o.o.i.s.i.DiscoveryServiceImpl] - mDNS service has been started
2015-11-02 16:30:30.915 [INFO ] [o.o.i.s.i.DiscoveryServiceImpl] - Service Discovery initialization completed.
2015-11-02 16:30:33.506 [INFO ] [penhab.io.rest.RESTApplication] - Started REST API at /rest
2015-11-02 16:30:40.276 [INFO ] [c.internal.ModelRepositoryImpl] - Loading model 'demo.sitemap'
2015-11-02 16:30:40.532 [INFO ] [c.internal.ModelRepositoryImpl] - Loading model 'exec.persist'
2015-11-02 16:30:40.570 [INFO ] [c.internal.ModelRepositoryImpl] - Loading model 'rrd4j.persist'
2015-11-02 16:30:40.589 [INFO ] [c.internal.ModelRepositoryImpl] - Loading model 'logging.persist'
2015-11-02 16:30:40.625 [INFO ] [c.internal.ModelRepositoryImpl] - Loading model 'db4o.persist'
2015-11-02 16:30:40.743 [INFO ] [c.internal.ModelRepositoryImpl] - Loading model 'demo.script'
2015-11-02 16:30:40.877 [INFO ] [c.internal.ModelRepositoryImpl] - Loading model 'demo.items'
2015-11-02 16:30:41.156 [INFO ] [.o.u.w.i.servlet.WebAppServlet] - Started Classic UI at /openhab.app
2015-11-02 16:30:45.167 [INFO ] [.service.AbstractActiveService] - NTP Refresh Service has been started
2015-11-02 16:30:45.208 [INFO ] [.service.AbstractActiveService] - HTTP Refresh Service has been started
2015-11-02 16:30:50.235 [WARN ] [inding.ntp.internal.NtpBinding] - couldn't establish network connection [host 'ptbtime1.ptb.de'] -> returning current sytem time instead
2015-11-02 16:30:51.061 [INFO ] [c.internal.ModelRepositoryImpl] - Loading model 'demo.rules'
2015-11-02 16:30:52.131 [ERROR] [m.r.internal.engine.RuleEngine] - Error during the execution of startup rule 'Initialize light states': Could not invoke method: org.openhab.model.script.actions.BusEvent.postUpdate(org.openhab.core.items.Item,java.lang.Number) on instance: null
2015-11-02 16:30:52.331 [ERROR] [m.r.internal.engine.RuleEngine] - Error during the execution of startup rule 'Initialize heating states': Could not invoke method: org.openhab.model.script.actions.BusEvent.postUpdate(org.openhab.core.items.Item,java.lang.Number) on instance: null
2015-11-02 16:30:52.458 [ERROR] [m.r.internal.engine.RuleEngine] - Error during the execution of startup rule 'Initialize contact states': Could not invoke method: org.openhab.model.script.actions.BusEvent.postUpdate(org.openhab.core.items.Item,java.lang.Number) on instance: null
2015-11-02 16:30:53.037 [INFO ] [g.openhab.model.script.Weather] - Temperature evolved of 0 degrees.
2015-11-02 16:30:59.244 [WARN ] [e.jetty.servlet.ServletHandler] - /openhab.app
org.openhab.ui.webapp.render.RenderException: Sitemap 'default' could not be found
	at org.openhab.ui.webapp.internal.servlet.WebAppServlet.service(WebAppServlet.java:114) ~[na:na]
	at org.eclipse.equinox.http.servlet.internal.ServletRegistration.service(ServletRegistration.java:61) ~[na:na]
	at org.eclipse.equinox.http.servlet.internal.ProxyServlet.processAlias(ProxyServlet.java:128) ~[na:na]
	at org.eclipse.equinox.http.servlet.internal.ProxyServlet.service(ProxyServlet.java:60) ~[na:na]
	at javax.servlet.http.HttpServlet.service(HttpServlet.java:848) ~[javax.servlet_3.0.0.v201112011016.jar:na]
	at org.eclipse.jetty.servlet.ServletHolder.handle(ServletHolder.java:598) ~[org.eclipse.jetty.servlet_8.1.3.v20120522.jar:8.1.3.v20120522]
	at org.eclipse.jetty.servlet.ServletHandler.doHandle(ServletHandler.java:486) [org.eclipse.jetty.servlet_8.1.3.v20120522.jar:8.1.3.v20120522]
	at org.eclipse.jetty.server.session.SessionHandler.doHandle(SessionHandler.java:231) [org.eclipse.jetty.server_8.1.3.v20120522.jar:8.1.3.v20120522]
	at org.eclipse.jetty.server.handler.ContextHandler.doHandle(ContextHandler.java:1065) [org.eclipse.jetty.server_8.1.3.v20120522.jar:8.1.3.v20120522]
	at org.eclipse.jetty.servlet.ServletHandler.doScope(ServletHandler.java:413) [org.eclipse.jetty.servlet_8.1.3.v20120522.jar:8.1.3.v20120522]
	at org.eclipse.jetty.server.session.SessionHandler.doScope(SessionHandler.java:192) [org.eclipse.jetty.server_8.1.3.v20120522.jar:8.1.3.v20120522]
	at org.eclipse.jetty.server.handler.ContextHandler.doScope(ContextHandler.java:999) [org.eclipse.jetty.server_8.1.3.v20120522.jar:8.1.3.v20120522]
	at org.eclipse.jetty.server.handler.ScopedHandler.handle(ScopedHandler.java:117) [org.eclipse.jetty.server_8.1.3.v20120522.jar:8.1.3.v20120522]
	at org.eclipse.jetty.server.handler.ContextHandlerCollection.handle(ContextHandlerCollection.java:250) [org.eclipse.jetty.server_8.1.3.v20120522.jar:8.1.3.v20120522]
	at org.eclipse.jetty.server.handler.HandlerCollection.handle(HandlerCollection.java:149) [org.eclipse.jetty.server_8.1.3.v20120522.jar:8.1.3.v20120522]
	at org.eclipse.jetty.server.handler.HandlerWrapper.handle(HandlerWrapper.java:111) [org.eclipse.jetty.server_8.1.3.v20120522.jar:8.1.3.v20120522]
	at org.eclipse.jetty.server.Server.handle(Server.java:350) [org.eclipse.jetty.server_8.1.3.v20120522.jar:8.1.3.v20120522]
	at org.eclipse.jetty.server.AbstractHttpConnection.handleRequest(AbstractHttpConnection.java:454) [org.eclipse.jetty.server_8.1.3.v20120522.jar:8.1.3.v20120522]
	at org.eclipse.jetty.server.AbstractHttpConnection.headerComplete(AbstractHttpConnection.java:890) [org.eclipse.jetty.server_8.1.3.v20120522.jar:8.1.3.v20120522]
	at org.eclipse.jetty.server.AbstractHttpConnection$RequestHandler.headerComplete(AbstractHttpConnection.java:944) [org.eclipse.jetty.server_8.1.3.v20120522.jar:8.1.3.v20120522]
	at org.eclipse.jetty.http.HttpParser.parseNext(HttpParser.java:630) [org.eclipse.jetty.http_8.1.3.v20120522.jar:8.1.3.v20120522]
	at org.eclipse.jetty.http.HttpParser.parseAvailable(HttpParser.java:230) [org.eclipse.jetty.http_8.1.3.v20120522.jar:8.1.3.v20120522]
	at org.eclipse.jetty.server.AsyncHttpConnection.handle(AsyncHttpConnection.java:77) [org.eclipse.jetty.server_8.1.3.v20120522.jar:8.1.3.v20120522]
	at org.eclipse.jetty.io.nio.SelectChannelEndPoint.handle(SelectChannelEndPoint.java:606) [org.eclipse.jetty.io_8.1.3.v20120522.jar:8.1.3.v20120522]
	at org.eclipse.jetty.io.nio.SelectChannelEndPoint$1.run(SelectChannelEndPoint.java:46) [org.eclipse.jetty.io_8.1.3.v20120522.jar:8.1.3.v20120522]
	at org.eclipse.jetty.util.thread.QueuedThreadPool.runJob(QueuedThreadPool.java:603) [org.eclipse.jetty.util_8.1.3.v20120522.jar:8.1.3.v20120522]
	at org.eclipse.jetty.util.thread.QueuedThreadPool$3.run(QueuedThreadPool.java:538) [org.eclipse.jetty.util_8.1.3.v20120522.jar:8.1.3.v20120522]
	at java.lang.Thread.run(Thread.java:745) [na:1.8.0_66]
2015-11-02 16:31:01.664 [WARN ] [e.jetty.servlet.ServletHandler] - /openhab.app
org.openhab.ui.webapp.render.RenderException: Sitemap 'default' could not be found
	at org.openhab.ui.webapp.internal.servlet.WebAppServlet.service(WebAppServlet.java:114) ~[na:na]
	at org.eclipse.equinox.http.servlet.internal.ServletRegistration.service(ServletRegistration.java:61) ~[na:na]
	at org.eclipse.equinox.http.servlet.internal.ProxyServlet.processAlias(ProxyServlet.java:128) ~[na:na]
	at org.eclipse.equinox.http.servlet.internal.ProxyServlet.service(ProxyServlet.java:60) ~[na:na]
	at javax.servlet.http.HttpServlet.service(HttpServlet.java:848) ~[javax.servlet_3.0.0.v201112011016.jar:na]
	at org.eclipse.jetty.servlet.ServletHolder.handle(ServletHolder.java:598) ~[org.eclipse.jetty.servlet_8.1.3.v20120522.jar:8.1.3.v20120522]
	at org.eclipse.jetty.servlet.ServletHandler.doHandle(ServletHandler.java:486) [org.eclipse.jetty.servlet_8.1.3.v20120522.jar:8.1.3.v20120522]
	at org.eclipse.jetty.server.session.SessionHandler.doHandle(SessionHandler.java:231) [org.eclipse.jetty.server_8.1.3.v20120522.jar:8.1.3.v20120522]
	at org.eclipse.jetty.server.handler.ContextHandler.doHandle(ContextHandler.java:1065) [org.eclipse.jetty.server_8.1.3.v20120522.jar:8.1.3.v20120522]
	at org.eclipse.jetty.servlet.ServletHandler.doScope(ServletHandler.java:413) [org.eclipse.jetty.servlet_8.1.3.v20120522.jar:8.1.3.v20120522]
	at org.eclipse.jetty.server.session.SessionHandler.doScope(SessionHandler.java:192) [org.eclipse.jetty.server_8.1.3.v20120522.jar:8.1.3.v20120522]
	at org.eclipse.jetty.server.handler.ContextHandler.doScope(ContextHandler.java:999) [org.eclipse.jetty.server_8.1.3.v20120522.jar:8.1.3.v20120522]
	at org.eclipse.jetty.server.handler.ScopedHandler.handle(ScopedHandler.java:117) [org.eclipse.jetty.server_8.1.3.v20120522.jar:8.1.3.v20120522]
	at org.eclipse.jetty.server.handler.ContextHandlerCollection.handle(ContextHandlerCollection.java:250) [org.eclipse.jetty.server_8.1.3.v20120522.jar:8.1.3.v20120522]
	at org.eclipse.jetty.server.handler.HandlerCollection.handle(HandlerCollection.java:149) [org.eclipse.jetty.server_8.1.3.v20120522.jar:8.1.3.v20120522]
	at org.eclipse.jetty.server.handler.HandlerWrapper.handle(HandlerWrapper.java:111) [org.eclipse.jetty.server_8.1.3.v20120522.jar:8.1.3.v20120522]
	at org.eclipse.jetty.server.Server.handle(Server.java:350) [org.eclipse.jetty.server_8.1.3.v20120522.jar:8.1.3.v20120522]
	at org.eclipse.jetty.server.AbstractHttpConnection.handleRequest(AbstractHttpConnection.java:454) [org.eclipse.jetty.server_8.1.3.v20120522.jar:8.1.3.v20120522]
	at org.eclipse.jetty.server.AbstractHttpConnection.headerComplete(AbstractHttpConnection.java:890) [org.eclipse.jetty.server_8.1.3.v20120522.jar:8.1.3.v20120522]
	at org.eclipse.jetty.server.AbstractHttpConnection$RequestHandler.headerComplete(AbstractHttpConnection.java:944) [org.eclipse.jetty.server_8.1.3.v20120522.jar:8.1.3.v20120522]
	at org.eclipse.jetty.http.HttpParser.parseNext(HttpParser.java:630) [org.eclipse.jetty.http_8.1.3.v20120522.jar:8.1.3.v20120522]
	at org.eclipse.jetty.http.HttpParser.parseAvailable(HttpParser.java:230) [org.eclipse.jetty.http_8.1.3.v20120522.jar:8.1.3.v20120522]
	at org.eclipse.jetty.server.AsyncHttpConnection.handle(AsyncHttpConnection.java:77) [org.eclipse.jetty.server_8.1.3.v20120522.jar:8.1.3.v20120522]
	at org.eclipse.jetty.io.nio.SelectChannelEndPoint.handle(SelectChannelEndPoint.java:606) [org.eclipse.jetty.io_8.1.3.v20120522.jar:8.1.3.v20120522]
	at org.eclipse.jetty.io.nio.SelectChannelEndPoint$1.run(SelectChannelEndPoint.java:46) [org.eclipse.jetty.io_8.1.3.v20120522.jar:8.1.3.v20120522]
	at org.eclipse.jetty.util.thread.QueuedThreadPool.runJob(QueuedThreadPool.java:603) [org.eclipse.jetty.util_8.1.3.v20120522.jar:8.1.3.v20120522]
	at org.eclipse.jetty.util.thread.QueuedThreadPool$3.run(QueuedThreadPool.java:538) [org.eclipse.jetty.util_8.1.3.v20120522.jar:8.1.3.v20120522]
	at java.lang.Thread.run(Thread.java:745) [na:1.8.0_66]
2015-11-02 16:31:13.258 [WARN ] [e.jetty.servlet.ServletHandler] - /openhab.app
org.openhab.ui.webapp.render.RenderException: Sitemap 'default' could not be found
	at org.openhab.ui.webapp.internal.servlet.WebAppServlet.service(WebAppServlet.java:114) ~[na:na]
	at org.eclipse.equinox.http.servlet.internal.ServletRegistration.service(ServletRegistration.java:61) ~[na:na]
	at org.eclipse.equinox.http.servlet.internal.ProxyServlet.processAlias(ProxyServlet.java:128) ~[na:na]
	at org.eclipse.equinox.http.servlet.internal.ProxyServlet.service(ProxyServlet.java:60) ~[na:na]
	at javax.servlet.http.HttpServlet.service(HttpServlet.java:848) ~[javax.servlet_3.0.0.v201112011016.jar:na]
	at org.eclipse.jetty.servlet.ServletHolder.handle(ServletHolder.java:598) ~[org.eclipse.jetty.servlet_8.1.3.v20120522.jar:8.1.3.v20120522]
	at org.eclipse.jetty.servlet.ServletHandler.doHandle(ServletHandler.java:486) [org.eclipse.jetty.servlet_8.1.3.v20120522.jar:8.1.3.v20120522]
	at org.eclipse.jetty.server.session.SessionHandler.doHandle(SessionHandler.java:231) [org.eclipse.jetty.server_8.1.3.v20120522.jar:8.1.3.v20120522]
	at org.eclipse.jetty.server.handler.ContextHandler.doHandle(ContextHandler.java:1065) [org.eclipse.jetty.server_8.1.3.v20120522.jar:8.1.3.v20120522]
	at org.eclipse.jetty.servlet.ServletHandler.doScope(ServletHandler.java:413) [org.eclipse.jetty.servlet_8.1.3.v20120522.jar:8.1.3.v20120522]
	at org.eclipse.jetty.server.session.SessionHandler.doScope(SessionHandler.java:192) [org.eclipse.jetty.server_8.1.3.v20120522.jar:8.1.3.v20120522]
	at org.eclipse.jetty.server.handler.ContextHandler.doScope(ContextHandler.java:999) [org.eclipse.jetty.server_8.1.3.v20120522.jar:8.1.3.v20120522]
	at org.eclipse.jetty.server.handler.ScopedHandler.handle(ScopedHandler.java:117) [org.eclipse.jetty.server_8.1.3.v20120522.jar:8.1.3.v20120522]
	at org.eclipse.jetty.server.handler.ContextHandlerCollection.handle(ContextHandlerCollection.java:250) [org.eclipse.jetty.server_8.1.3.v20120522.jar:8.1.3.v20120522]
	at org.eclipse.jetty.server.handler.HandlerCollection.handle(HandlerCollection.java:149) [org.eclipse.jetty.server_8.1.3.v20120522.jar:8.1.3.v20120522]
	at org.eclipse.jetty.server.handler.HandlerWrapper.handle(HandlerWrapper.java:111) [org.eclipse.jetty.server_8.1.3.v20120522.jar:8.1.3.v20120522]
	at org.eclipse.jetty.server.Server.handle(Server.java:350) [org.eclipse.jetty.server_8.1.3.v20120522.jar:8.1.3.v20120522]
	at org.eclipse.jetty.server.AbstractHttpConnection.handleRequest(AbstractHttpConnection.java:454) [org.eclipse.jetty.server_8.1.3.v20120522.jar:8.1.3.v20120522]
	at org.eclipse.jetty.server.AbstractHttpConnection.headerComplete(AbstractHttpConnection.java:890) [org.eclipse.jetty.server_8.1.3.v20120522.jar:8.1.3.v20120522]
	at org.eclipse.jetty.server.AbstractHttpConnection$RequestHandler.headerComplete(AbstractHttpConnection.java:944) [org.eclipse.jetty.server_8.1.3.v20120522.jar:8.1.3.v20120522]
	at org.eclipse.jetty.http.HttpParser.parseNext(HttpParser.java:630) [org.eclipse.jetty.http_8.1.3.v20120522.jar:8.1.3.v20120522]
	at org.eclipse.jetty.http.HttpParser.parseAvailable(HttpParser.java:230) [org.eclipse.jetty.http_8.1.3.v20120522.jar:8.1.3.v20120522]
	at org.eclipse.jetty.server.AsyncHttpConnection.handle(AsyncHttpConnection.java:77) [org.eclipse.jetty.server_8.1.3.v20120522.jar:8.1.3.v20120522]
	at org.eclipse.jetty.io.nio.SelectChannelEndPoint.handle(SelectChannelEndPoint.java:606) [org.eclipse.jetty.io_8.1.3.v20120522.jar:8.1.3.v20120522]
	at org.eclipse.jetty.io.nio.SelectChannelEndPoint$1.run(SelectChannelEndPoint.java:46) [org.eclipse.jetty.io_8.1.3.v20120522.jar:8.1.3.v20120522]
	at org.eclipse.jetty.util.thread.QueuedThreadPool.runJob(QueuedThreadPool.java:603) [org.eclipse.jetty.util_8.1.3.v20120522.jar:8.1.3.v20120522]
	at org.eclipse.jetty.util.thread.QueuedThreadPool$3.run(QueuedThreadPool.java:538) [org.eclipse.jetty.util_8.1.3.v20120522.jar:8.1.3.v20120522]
	at java.lang.Thread.run(Thread.java:745) [na:1.8.0_66]
2015-11-02 16:31:30.957 [WARN ] [t.i.s.MapTransformationService] - Could not find a mapping for '-' in the file 'en.map'.
2015-11-02 16:31:33.760 [WARN ] [t.i.s.MapTransformationService] - Could not find a mapping for '-' in the file 'en.map'.
2015-11-02 16:31:34.877 [WARN ] [t.i.s.MapTransformationService] - Could not find a mapping for '-' in the file 'en.map'.
2015-11-02 16:31:35.887 [WARN ] [t.i.s.MapTransformationService] - Could not find a mapping for '-' in the file 'en.map'.
2015-11-02 16:31:36.401 [WARN ] [t.i.s.MapTransformationService] - Could not find a mapping for '-' in the file 'en.map'.
2015-11-02 16:31:37.409 [WARN ] [t.i.s.MapTransformationService] - Could not find a mapping for '-' in the file 'en.map'.
2015-11-02 16:31:38.920 [WARN ] [t.i.s.MapTransformationService] - Could not find a mapping for '-' in the file 'en.map'.
2015-11-02 16:31:39.432 [WARN ] [t.i.s.MapTransformationService] - Could not find a mapping for '-' in the file 'en.map'.
2015-11-02 16:34:48.884 [INFO ] [g.openhab.model.script.Weather] - Temperature evolved of -1 degrees.
2015-11-02 16:45:55.267 [WARN ] [inding.ntp.internal.NtpBinding] - couldn't establish network connection [host 'ptbtime1.ptb.de'] -> returning current sytem time instead
2015-11-02 18:38:23.578 [ERROR] [g.openhab.io.net.http.HttpUtil] - Fatal transport error: java.net.UnknownHostException: weather.yahooapis.com
2015-11-02 18:38:23.580 [ERROR] [.o.b.http.internal.HttpBinding] - No response received from 'http://weather.yahooapis.com/forecastrss?w=638242&u=c'
2015-11-02 18:38:23.582 [ERROR] [g.openhab.io.net.http.HttpUtil] - Fatal transport error: java.net.UnknownHostException: weather.yahooapis.com
2015-11-02 18:38:23.587 [ERROR] [.o.b.http.internal.HttpBinding] - No response received from 'http://weather.yahooapis.com/forecastrss?w=638242&u=c'
2015-11-02 18:39:24.664 [INFO ] [g.openhab.model.script.Weather] - Temperature evolved of null degrees.
2015-11-02 19:04:31.641 [INFO ] [g.openhab.model.script.Weather] - Temperature evolved of -1 degrees.
2015-11-02 20:03:57.449 [ERROR] [g.openhab.io.net.http.HttpUtil] - Fatal transport error: java.net.UnknownHostException: weather.yahooapis.com
2015-11-02 20:03:57.460 [ERROR] [.o.b.http.internal.HttpBinding] - No response received from 'http://weather.yahooapis.com/forecastrss?w=638242&u=c'
2015-11-02 20:03:57.461 [ERROR] [g.openhab.io.net.http.HttpUtil] - Fatal transport error: java.net.UnknownHostException: weather.yahooapis.com
2015-11-02 20:03:57.462 [ERROR] [.o.b.http.internal.HttpBinding] - No response received from 'http://weather.yahooapis.com/forecastrss?w=638242&u=c'
2016-01-14 13:56:26.194 [INFO ] [.o.core.internal.CoreActivator] - openHAB runtime has been started (v1.7.1).
2016-01-14 13:56:27.229 [INFO ] [o.o.i.s.i.DiscoveryServiceImpl] - mDNS service has been started
2016-01-14 13:56:29.282 [INFO ] [penhab.io.rest.RESTApplication] - Started REST API at /rest
2016-01-14 13:56:29.712 [INFO ] [penhab.io.rest.RESTApplication] - Started REST API at /rest
2016-01-14 13:56:30.016 [INFO ] [penhab.io.rest.RESTApplication] - Started REST API at /rest
2016-01-14 13:56:30.254 [INFO ] [penhab.io.rest.RESTApplication] - Started REST API at /rest
2016-01-14 13:56:30.279 [INFO ] [.o.u.w.i.servlet.WebAppServlet] - Started Classic UI at /openhab.app
2016-01-14 13:56:30.576 [INFO ] [penhab.io.rest.RESTApplication] - Started REST API at /rest
2016-01-14 13:56:30.826 [INFO ] [penhab.io.rest.RESTApplication] - Started REST API at /rest
2016-01-14 13:56:31.060 [INFO ] [penhab.io.rest.RESTApplication] - Started REST API at /rest
2016-01-14 13:56:31.309 [INFO ] [penhab.io.rest.RESTApplication] - Started REST API at /rest
2016-01-14 13:56:31.527 [INFO ] [penhab.io.rest.RESTApplication] - Started REST API at /rest
2016-01-14 13:56:31.744 [INFO ] [penhab.io.rest.RESTApplication] - Started REST API at /rest
2016-01-14 13:56:31.976 [INFO ] [penhab.io.rest.RESTApplication] - Started REST API at /rest
2016-01-14 13:56:32.157 [INFO ] [penhab.io.rest.RESTApplication] - Started REST API at /rest
2016-01-14 13:56:32.291 [INFO ] [o.o.i.s.i.DiscoveryServiceImpl] - Service Discovery initialization completed.
2016-01-14 13:56:32.364 [INFO ] [penhab.io.rest.RESTApplication] - Started REST API at /rest
2016-01-14 13:56:36.823 [INFO ] [c.internal.ModelRepositoryImpl] - Loading model 'projet.sitemap'
2016-01-14 13:56:36.979 [INFO ] [c.internal.ModelRepositoryImpl] - Loading model 'logging.persist'
2016-01-14 13:56:37.016 [INFO ] [c.internal.ModelRepositoryImpl] - Loading model 'db4o.persist'
2016-01-14 13:56:37.030 [INFO ] [c.internal.ModelRepositoryImpl] - Loading model 'exec.persist'
2016-01-14 13:56:37.034 [INFO ] [c.internal.ModelRepositoryImpl] - Loading model 'rrd4j.persist'
2016-01-14 13:56:37.130 [INFO ] [c.internal.ModelRepositoryImpl] - Loading model 'demo.script'
2016-01-14 13:56:37.243 [INFO ] [c.internal.ModelRepositoryImpl] - Loading model 'projet_bati.items'
2016-01-14 13:56:42.526 [INFO ] [penhab.io.rest.RESTApplication] - Stopped REST API
2016-01-14 13:56:46.706 [INFO ] [penhab.io.rest.RESTApplication] - Started REST API at /rest
2016-01-14 13:56:47.361 [INFO ] [c.internal.ModelRepositoryImpl] - Loading model 'demo.rules'
2016-01-14 13:56:54.849 [ERROR] [i.internal.GenericItemProvider] - Binding configuration of type 'serial' of item ‘Pillbox‘ could not be parsed correctly.
org.openhab.model.item.binding.BindingConfigParseException: Could not open serial port /dev/ttyACM0: Serial port '/dev/ttyACM0' could not be found. Available ports are:

	at org.openhab.binding.serial.internal.SerialBinding.processBindingConfiguration(SerialBinding.java:138) ~[na:na]
	at org.openhab.model.item.internal.GenericItemProvider.internalDispatchBindings(GenericItemProvider.java:348) [org.openhab.model.item_1.7.1.jar:na]
	at org.openhab.model.item.internal.GenericItemProvider.dispatchBindingsPerType(GenericItemProvider.java:309) [org.openhab.model.item_1.7.1.jar:na]
	at org.openhab.model.item.internal.GenericItemProvider.addBindingConfigReader(GenericItemProvider.java:106) [org.openhab.model.item_1.7.1.jar:na]
	at sun.reflect.NativeMethodAccessorImpl.invoke0(Native Method) ~[na:1.8.0_66]
	at sun.reflect.NativeMethodAccessorImpl.invoke(NativeMethodAccessorImpl.java:62) ~[na:1.8.0_66]
	at sun.reflect.DelegatingMethodAccessorImpl.invoke(DelegatingMethodAccessorImpl.java:43) ~[na:1.8.0_66]
	at java.lang.reflect.Method.invoke(Method.java:497) ~[na:1.8.0_66]
	at org.eclipse.equinox.internal.ds.model.ComponentReference.bind(ComponentReference.java:376) [org.eclipse.equinox.ds_1.4.1.v20120926-201320.jar:na]
	at org.eclipse.equinox.internal.ds.model.ServiceComponentProp.bindReference(ServiceComponentProp.java:444) [org.eclipse.equinox.ds_1.4.1.v20120926-201320.jar:na]
	at org.eclipse.equinox.internal.ds.InstanceProcess.dynamicBind(InstanceProcess.java:416) [org.eclipse.equinox.ds_1.4.1.v20120926-201320.jar:na]
	at org.eclipse.equinox.internal.ds.Resolver.getEligible(Resolver.java:334) [org.eclipse.equinox.ds_1.4.1.v20120926-201320.jar:na]
	at org.eclipse.equinox.internal.ds.SCRManager.serviceChanged(SCRManager.java:222) [org.eclipse.equinox.ds_1.4.1.v20120926-201320.jar:na]
	at org.eclipse.osgi.internal.serviceregistry.FilteredServiceListener.serviceChanged(FilteredServiceListener.java:107) [org.eclipse.osgi_3.8.2.v20130124-134944.jar:na]
	at org.eclipse.osgi.framework.internal.core.BundleContextImpl.dispatchEvent(BundleContextImpl.java:861) [org.eclipse.osgi_3.8.2.v20130124-134944.jar:na]
	at org.eclipse.osgi.framework.eventmgr.EventManager.dispatchEvent(EventManager.java:230) [org.eclipse.osgi_3.8.2.v20130124-134944.jar:na]
	at org.eclipse.osgi.framework.eventmgr.ListenerQueue.dispatchEventSynchronous(ListenerQueue.java:148) [org.eclipse.osgi_3.8.2.v20130124-134944.jar:na]
	at org.eclipse.osgi.internal.serviceregistry.ServiceRegistry.publishServiceEventPrivileged(ServiceRegistry.java:819) [org.eclipse.osgi_3.8.2.v20130124-134944.jar:na]
	at org.eclipse.osgi.internal.serviceregistry.ServiceRegistry.publishServiceEvent(ServiceRegistry.java:771) [org.eclipse.osgi_3.8.2.v20130124-134944.jar:na]
	at org.eclipse.osgi.internal.serviceregistry.ServiceRegistrationImpl.register(ServiceRegistrationImpl.java:130) [org.eclipse.osgi_3.8.2.v20130124-134944.jar:na]
	at org.eclipse.osgi.internal.serviceregistry.ServiceRegistry.registerService(ServiceRegistry.java:214) [org.eclipse.osgi_3.8.2.v20130124-134944.jar:na]
	at org.eclipse.osgi.framework.internal.core.BundleContextImpl.registerService(BundleContextImpl.java:433) [org.eclipse.osgi_3.8.2.v20130124-134944.jar:na]
	at org.eclipse.equinox.internal.ds.InstanceProcess.registerService(InstanceProcess.java:536) [org.eclipse.equinox.ds_1.4.1.v20120926-201320.jar:na]
	at org.eclipse.equinox.internal.ds.InstanceProcess.buildComponents(InstanceProcess.java:260) [org.eclipse.equinox.ds_1.4.1.v20120926-201320.jar:na]
	at org.eclipse.equinox.internal.ds.Resolver.buildNewlySatisfied(Resolver.java:473) [org.eclipse.equinox.ds_1.4.1.v20120926-201320.jar:na]
	at org.eclipse.equinox.internal.ds.Resolver.enableComponents(Resolver.java:217) [org.eclipse.equinox.ds_1.4.1.v20120926-201320.jar:na]
	at org.eclipse.equinox.internal.ds.SCRManager.performWork(SCRManager.java:816) [org.eclipse.equinox.ds_1.4.1.v20120926-201320.jar:na]
	at org.eclipse.equinox.internal.ds.SCRManager$QueuedJob.dispatch(SCRManager.java:783) [org.eclipse.equinox.ds_1.4.1.v20120926-201320.jar:na]
	at org.eclipse.equinox.internal.ds.WorkThread.run(WorkThread.java:89) [org.eclipse.equinox.ds_1.4.1.v20120926-201320.jar:na]
	at org.eclipse.equinox.internal.util.impl.tpt.threadpool.Executor.run(Executor.java:70) [org.eclipse.equinox.util_1.0.400.v20120917-192807.jar:na]
2016-01-14 13:56:54.987 [INFO ] [.service.AbstractActiveService] - HTTP Refresh Service has been started
2016-01-14 13:56:54.996 [INFO ] [.service.AbstractActiveService] - NTP Refresh Service has been started
2016-01-14 13:57:00.018 [WARN ] [inding.ntp.internal.NtpBinding] - couldn't establish network connection [host 'ptbtime1.ptb.de'] -> returning current sytem time instead
2016-01-14 13:57:10.078 [INFO ] [.o.u.w.i.servlet.WebAppServlet] - Stopped Classic UI
2016-01-14 13:57:10.083 [INFO ] [penhab.io.rest.RESTApplication] - Stopped REST API
2016-01-14 13:57:39.343 [INFO ] [.o.core.internal.CoreActivator] - openHAB runtime has been started (v1.7.1).
2016-01-14 13:57:40.304 [INFO ] [o.o.i.s.i.DiscoveryServiceImpl] - mDNS service has been started
2016-01-14 13:57:40.395 [INFO ] [o.o.i.s.i.DiscoveryServiceImpl] - Service Discovery initialization completed.
2016-01-14 13:57:42.495 [INFO ] [penhab.io.rest.RESTApplication] - Started REST API at /rest
2016-01-14 13:57:49.991 [INFO ] [c.internal.ModelRepositoryImpl] - Loading model 'projet.sitemap'
2016-01-14 13:57:50.200 [INFO ] [c.internal.ModelRepositoryImpl] - Loading model 'logging.persist'
2016-01-14 13:57:50.232 [INFO ] [c.internal.ModelRepositoryImpl] - Loading model 'db4o.persist'
2016-01-14 13:57:50.246 [INFO ] [c.internal.ModelRepositoryImpl] - Loading model 'exec.persist'
2016-01-14 13:57:50.251 [INFO ] [c.internal.ModelRepositoryImpl] - Loading model 'rrd4j.persist'
2016-01-14 13:57:50.349 [INFO ] [c.internal.ModelRepositoryImpl] - Loading model 'demo.script'
2016-01-14 13:57:50.471 [INFO ] [c.internal.ModelRepositoryImpl] - Loading model 'projet_bati.items'
2016-01-14 13:57:50.685 [INFO ] [.o.u.w.i.servlet.WebAppServlet] - Started Classic UI at /openhab.app
2016-01-14 13:57:53.573 [ERROR] [i.internal.GenericItemProvider] - Binding configuration of type 'serial' of item ‘Pillbox‘ could not be parsed correctly.
org.openhab.model.item.binding.BindingConfigParseException: Could not open serial port /dev/ttyACM0: Serial port '/dev/ttyACM0' could not be found. Available ports are:

	at org.openhab.binding.serial.internal.SerialBinding.processBindingConfiguration(SerialBinding.java:138) ~[na:na]
	at org.openhab.model.item.internal.GenericItemProvider.internalDispatchBindings(GenericItemProvider.java:348) [org.openhab.model.item_1.7.1.jar:na]
	at org.openhab.model.item.internal.GenericItemProvider.dispatchBindingsPerType(GenericItemProvider.java:309) [org.openhab.model.item_1.7.1.jar:na]
	at org.openhab.model.item.internal.GenericItemProvider.addBindingConfigReader(GenericItemProvider.java:106) [org.openhab.model.item_1.7.1.jar:na]
	at sun.reflect.NativeMethodAccessorImpl.invoke0(Native Method) ~[na:1.8.0_66]
	at sun.reflect.NativeMethodAccessorImpl.invoke(NativeMethodAccessorImpl.java:62) ~[na:1.8.0_66]
	at sun.reflect.DelegatingMethodAccessorImpl.invoke(DelegatingMethodAccessorImpl.java:43) ~[na:1.8.0_66]
	at java.lang.reflect.Method.invoke(Method.java:497) ~[na:1.8.0_66]
	at org.eclipse.equinox.internal.ds.model.ComponentReference.bind(ComponentReference.java:376) [org.eclipse.equinox.ds_1.4.1.v20120926-201320.jar:na]
	at org.eclipse.equinox.internal.ds.model.ServiceComponentProp.bindReference(ServiceComponentProp.java:444) [org.eclipse.equinox.ds_1.4.1.v20120926-201320.jar:na]
	at org.eclipse.equinox.internal.ds.InstanceProcess.dynamicBind(InstanceProcess.java:416) [org.eclipse.equinox.ds_1.4.1.v20120926-201320.jar:na]
	at org.eclipse.equinox.internal.ds.Resolver.getEligible(Resolver.java:334) [org.eclipse.equinox.ds_1.4.1.v20120926-201320.jar:na]
	at org.eclipse.equinox.internal.ds.SCRManager.serviceChanged(SCRManager.java:222) [org.eclipse.equinox.ds_1.4.1.v20120926-201320.jar:na]
	at org.eclipse.osgi.internal.serviceregistry.FilteredServiceListener.serviceChanged(FilteredServiceListener.java:107) [org.eclipse.osgi_3.8.2.v20130124-134944.jar:na]
	at org.eclipse.osgi.framework.internal.core.BundleContextImpl.dispatchEvent(BundleContextImpl.java:861) [org.eclipse.osgi_3.8.2.v20130124-134944.jar:na]
	at org.eclipse.osgi.framework.eventmgr.EventManager.dispatchEvent(EventManager.java:230) [org.eclipse.osgi_3.8.2.v20130124-134944.jar:na]
	at org.eclipse.osgi.framework.eventmgr.ListenerQueue.dispatchEventSynchronous(ListenerQueue.java:148) [org.eclipse.osgi_3.8.2.v20130124-134944.jar:na]
	at org.eclipse.osgi.internal.serviceregistry.ServiceRegistry.publishServiceEventPrivileged(ServiceRegistry.java:819) [org.eclipse.osgi_3.8.2.v20130124-134944.jar:na]
	at org.eclipse.osgi.internal.serviceregistry.ServiceRegistry.publishServiceEvent(ServiceRegistry.java:771) [org.eclipse.osgi_3.8.2.v20130124-134944.jar:na]
	at org.eclipse.osgi.internal.serviceregistry.ServiceRegistrationImpl.register(ServiceRegistrationImpl.java:130) [org.eclipse.osgi_3.8.2.v20130124-134944.jar:na]
	at org.eclipse.osgi.internal.serviceregistry.ServiceRegistry.registerService(ServiceRegistry.java:214) [org.eclipse.osgi_3.8.2.v20130124-134944.jar:na]
	at org.eclipse.osgi.framework.internal.core.BundleContextImpl.registerService(BundleContextImpl.java:433) [org.eclipse.osgi_3.8.2.v20130124-134944.jar:na]
	at org.eclipse.equinox.internal.ds.InstanceProcess.registerService(InstanceProcess.java:536) [org.eclipse.equinox.ds_1.4.1.v20120926-201320.jar:na]
	at org.eclipse.equinox.internal.ds.InstanceProcess.buildComponents(InstanceProcess.java:260) [org.eclipse.equinox.ds_1.4.1.v20120926-201320.jar:na]
	at org.eclipse.equinox.internal.ds.Resolver.buildNewlySatisfied(Resolver.java:473) [org.eclipse.equinox.ds_1.4.1.v20120926-201320.jar:na]
	at org.eclipse.equinox.internal.ds.Resolver.enableComponents(Resolver.java:217) [org.eclipse.equinox.ds_1.4.1.v20120926-201320.jar:na]
	at org.eclipse.equinox.internal.ds.SCRManager.performWork(SCRManager.java:816) [org.eclipse.equinox.ds_1.4.1.v20120926-201320.jar:na]
	at org.eclipse.equinox.internal.ds.SCRManager$QueuedJob.dispatch(SCRManager.java:783) [org.eclipse.equinox.ds_1.4.1.v20120926-201320.jar:na]
	at org.eclipse.equinox.internal.ds.WorkThread.run(WorkThread.java:89) [org.eclipse.equinox.ds_1.4.1.v20120926-201320.jar:na]
	at org.eclipse.equinox.internal.util.impl.tpt.threadpool.Executor.run(Executor.java:70) [org.eclipse.equinox.util_1.0.400.v20120917-192807.jar:na]
2016-01-14 13:57:53.710 [INFO ] [.service.AbstractActiveService] - HTTP Refresh Service has been started
2016-01-14 13:57:53.738 [INFO ] [.service.AbstractActiveService] - NTP Refresh Service has been started
2016-01-14 13:57:58.755 [WARN ] [inding.ntp.internal.NtpBinding] - couldn't establish network connection [host 'ptbtime1.ptb.de'] -> returning current sytem time instead
2016-01-14 13:58:00.591 [INFO ] [c.internal.ModelRepositoryImpl] - Loading model 'demo.rules'
2016-01-14 13:58:31.413 [INFO ] [penhab.io.rest.RESTApplication] - Stopped REST API
2016-01-14 13:58:35.437 [INFO ] [.o.u.w.i.servlet.WebAppServlet] - Stopped Classic UI
2016-01-14 14:03:58.381 [INFO ] [.o.core.internal.CoreActivator] - openHAB runtime has been started (v1.7.1).
2016-01-14 14:03:59.816 [INFO ] [o.o.i.s.i.DiscoveryServiceImpl] - mDNS service has been started
2016-01-14 14:03:59.877 [INFO ] [o.o.i.s.i.DiscoveryServiceImpl] - Service Discovery initialization completed.
2016-01-14 14:04:02.371 [INFO ] [penhab.io.rest.RESTApplication] - Started REST API at /rest
2016-01-14 14:04:09.365 [INFO ] [c.internal.ModelRepositoryImpl] - Loading model 'projet.sitemap'
2016-01-14 14:04:09.568 [INFO ] [c.internal.ModelRepositoryImpl] - Loading model 'logging.persist'
2016-01-14 14:04:09.614 [INFO ] [c.internal.ModelRepositoryImpl] - Loading model 'db4o.persist'
2016-01-14 14:04:09.633 [INFO ] [c.internal.ModelRepositoryImpl] - Loading model 'exec.persist'
2016-01-14 14:04:09.640 [INFO ] [c.internal.ModelRepositoryImpl] - Loading model 'rrd4j.persist'
2016-01-14 14:04:09.729 [INFO ] [c.internal.ModelRepositoryImpl] - Loading model 'demo.script'
2016-01-14 14:04:09.846 [INFO ] [c.internal.ModelRepositoryImpl] - Loading model 'projet_bati.items'
2016-01-14 14:04:10.255 [INFO ] [.o.u.w.i.servlet.WebAppServlet] - Started Classic UI at /openhab.app
2016-01-14 14:04:14.296 [ERROR] [i.internal.GenericItemProvider] - Binding configuration of type 'serial' of item ‘Pillbox‘ could not be parsed correctly.
org.openhab.model.item.binding.BindingConfigParseException: Could not open serial port /dev/ttyACM0: Serial port '/dev/ttyACM0' could not be found. Available ports are:

	at org.openhab.binding.serial.internal.SerialBinding.processBindingConfiguration(SerialBinding.java:138) ~[na:na]
	at org.openhab.model.item.internal.GenericItemProvider.internalDispatchBindings(GenericItemProvider.java:348) [org.openhab.model.item_1.7.1.jar:na]
	at org.openhab.model.item.internal.GenericItemProvider.dispatchBindingsPerType(GenericItemProvider.java:309) [org.openhab.model.item_1.7.1.jar:na]
	at org.openhab.model.item.internal.GenericItemProvider.addBindingConfigReader(GenericItemProvider.java:106) [org.openhab.model.item_1.7.1.jar:na]
	at sun.reflect.NativeMethodAccessorImpl.invoke0(Native Method) ~[na:1.8.0_66]
	at sun.reflect.NativeMethodAccessorImpl.invoke(NativeMethodAccessorImpl.java:62) ~[na:1.8.0_66]
	at sun.reflect.DelegatingMethodAccessorImpl.invoke(DelegatingMethodAccessorImpl.java:43) ~[na:1.8.0_66]
	at java.lang.reflect.Method.invoke(Method.java:497) ~[na:1.8.0_66]
	at org.eclipse.equinox.internal.ds.model.ComponentReference.bind(ComponentReference.java:376) [org.eclipse.equinox.ds_1.4.1.v20120926-201320.jar:na]
	at org.eclipse.equinox.internal.ds.model.ServiceComponentProp.bindReference(ServiceComponentProp.java:444) [org.eclipse.equinox.ds_1.4.1.v20120926-201320.jar:na]
	at org.eclipse.equinox.internal.ds.InstanceProcess.dynamicBind(InstanceProcess.java:416) [org.eclipse.equinox.ds_1.4.1.v20120926-201320.jar:na]
	at org.eclipse.equinox.internal.ds.Resolver.getEligible(Resolver.java:334) [org.eclipse.equinox.ds_1.4.1.v20120926-201320.jar:na]
	at org.eclipse.equinox.internal.ds.SCRManager.serviceChanged(SCRManager.java:222) [org.eclipse.equinox.ds_1.4.1.v20120926-201320.jar:na]
	at org.eclipse.osgi.internal.serviceregistry.FilteredServiceListener.serviceChanged(FilteredServiceListener.java:107) [org.eclipse.osgi_3.8.2.v20130124-134944.jar:na]
	at org.eclipse.osgi.framework.internal.core.BundleContextImpl.dispatchEvent(BundleContextImpl.java:861) [org.eclipse.osgi_3.8.2.v20130124-134944.jar:na]
	at org.eclipse.osgi.framework.eventmgr.EventManager.dispatchEvent(EventManager.java:230) [org.eclipse.osgi_3.8.2.v20130124-134944.jar:na]
	at org.eclipse.osgi.framework.eventmgr.ListenerQueue.dispatchEventSynchronous(ListenerQueue.java:148) [org.eclipse.osgi_3.8.2.v20130124-134944.jar:na]
	at org.eclipse.osgi.internal.serviceregistry.ServiceRegistry.publishServiceEventPrivileged(ServiceRegistry.java:819) [org.eclipse.osgi_3.8.2.v20130124-134944.jar:na]
	at org.eclipse.osgi.internal.serviceregistry.ServiceRegistry.publishServiceEvent(ServiceRegistry.java:771) [org.eclipse.osgi_3.8.2.v20130124-134944.jar:na]
	at org.eclipse.osgi.internal.serviceregistry.ServiceRegistrationImpl.register(ServiceRegistrationImpl.java:130) [org.eclipse.osgi_3.8.2.v20130124-134944.jar:na]
	at org.eclipse.osgi.internal.serviceregistry.ServiceRegistry.registerService(ServiceRegistry.java:214) [org.eclipse.osgi_3.8.2.v20130124-134944.jar:na]
	at org.eclipse.osgi.framework.internal.core.BundleContextImpl.registerService(BundleContextImpl.java:433) [org.eclipse.osgi_3.8.2.v20130124-134944.jar:na]
	at org.eclipse.equinox.internal.ds.InstanceProcess.registerService(InstanceProcess.java:536) [org.eclipse.equinox.ds_1.4.1.v20120926-201320.jar:na]
	at org.eclipse.equinox.internal.ds.InstanceProcess.buildComponents(InstanceProcess.java:260) [org.eclipse.equinox.ds_1.4.1.v20120926-201320.jar:na]
	at org.eclipse.equinox.internal.ds.Resolver.buildNewlySatisfied(Resolver.java:473) [org.eclipse.equinox.ds_1.4.1.v20120926-201320.jar:na]
	at org.eclipse.equinox.internal.ds.Resolver.enableComponents(Resolver.java:217) [org.eclipse.equinox.ds_1.4.1.v20120926-201320.jar:na]
	at org.eclipse.equinox.internal.ds.SCRManager.performWork(SCRManager.java:816) [org.eclipse.equinox.ds_1.4.1.v20120926-201320.jar:na]
	at org.eclipse.equinox.internal.ds.SCRManager$QueuedJob.dispatch(SCRManager.java:783) [org.eclipse.equinox.ds_1.4.1.v20120926-201320.jar:na]
	at org.eclipse.equinox.internal.ds.WorkThread.run(WorkThread.java:89) [org.eclipse.equinox.ds_1.4.1.v20120926-201320.jar:na]
	at org.eclipse.equinox.internal.util.impl.tpt.threadpool.Executor.run(Executor.java:70) [org.eclipse.equinox.util_1.0.400.v20120917-192807.jar:na]
2016-01-14 14:04:14.458 [INFO ] [.service.AbstractActiveService] - HTTP Refresh Service has been started
2016-01-14 14:04:14.471 [INFO ] [.service.AbstractActiveService] - NTP Refresh Service has been started
2016-01-14 14:04:19.484 [WARN ] [inding.ntp.internal.NtpBinding] - couldn't establish network connection [host 'ptbtime1.ptb.de'] -> returning current sytem time instead
2016-01-14 14:04:19.945 [INFO ] [c.internal.ModelRepositoryImpl] - Loading model 'demo.rules'
2016-01-14 14:04:50.292 [INFO ] [penhab.io.rest.RESTApplication] - Stopped REST API
2016-01-14 14:04:54.312 [INFO ] [.o.u.w.i.servlet.WebAppServlet] - Stopped Classic UI
2016-01-14 14:05:14.137 [INFO ] [.o.core.internal.CoreActivator] - openHAB runtime has been started (v1.7.1).
2016-01-14 14:05:15.118 [INFO ] [o.o.i.s.i.DiscoveryServiceImpl] - mDNS service has been started
2016-01-14 14:05:15.187 [INFO ] [o.o.i.s.i.DiscoveryServiceImpl] - Service Discovery initialization completed.
2016-01-14 14:05:17.261 [INFO ] [penhab.io.rest.RESTApplication] - Started REST API at /rest
2016-01-14 14:05:24.778 [INFO ] [c.internal.ModelRepositoryImpl] - Loading model 'projet.sitemap'
2016-01-14 14:05:25.011 [INFO ] [c.internal.ModelRepositoryImpl] - Loading model 'logging.persist'
2016-01-14 14:05:25.058 [INFO ] [c.internal.ModelRepositoryImpl] - Loading model 'db4o.persist'
2016-01-14 14:05:25.074 [INFO ] [c.internal.ModelRepositoryImpl] - Loading model 'exec.persist'
2016-01-14 14:05:25.083 [INFO ] [c.internal.ModelRepositoryImpl] - Loading model 'rrd4j.persist'
2016-01-14 14:05:25.141 [INFO ] [c.internal.ModelRepositoryImpl] - Loading model 'demo.script'
2016-01-14 14:05:25.273 [INFO ] [c.internal.ModelRepositoryImpl] - Loading model 'projet_bati.items'
2016-01-14 14:05:25.369 [INFO ] [.o.u.w.i.servlet.WebAppServlet] - Started Classic UI at /openhab.app
2016-01-14 14:05:28.579 [ERROR] [i.internal.GenericItemProvider] - Binding configuration of type 'serial' of item ‘Pillbox‘ could not be parsed correctly.
org.openhab.model.item.binding.BindingConfigParseException: Could not open serial port /dev/ttyACM0: Serial port '/dev/ttyACM0' could not be found. Available ports are:

	at org.openhab.binding.serial.internal.SerialBinding.processBindingConfiguration(SerialBinding.java:138) ~[na:na]
	at org.openhab.model.item.internal.GenericItemProvider.internalDispatchBindings(GenericItemProvider.java:348) [org.openhab.model.item_1.7.1.jar:na]
	at org.openhab.model.item.internal.GenericItemProvider.dispatchBindingsPerType(GenericItemProvider.java:309) [org.openhab.model.item_1.7.1.jar:na]
	at org.openhab.model.item.internal.GenericItemProvider.addBindingConfigReader(GenericItemProvider.java:106) [org.openhab.model.item_1.7.1.jar:na]
	at sun.reflect.NativeMethodAccessorImpl.invoke0(Native Method) ~[na:1.8.0_66]
	at sun.reflect.NativeMethodAccessorImpl.invoke(NativeMethodAccessorImpl.java:62) ~[na:1.8.0_66]
	at sun.reflect.DelegatingMethodAccessorImpl.invoke(DelegatingMethodAccessorImpl.java:43) ~[na:1.8.0_66]
	at java.lang.reflect.Method.invoke(Method.java:497) ~[na:1.8.0_66]
	at org.eclipse.equinox.internal.ds.model.ComponentReference.bind(ComponentReference.java:376) [org.eclipse.equinox.ds_1.4.1.v20120926-201320.jar:na]
	at org.eclipse.equinox.internal.ds.model.ServiceComponentProp.bindReference(ServiceComponentProp.java:444) [org.eclipse.equinox.ds_1.4.1.v20120926-201320.jar:na]
	at org.eclipse.equinox.internal.ds.InstanceProcess.dynamicBind(InstanceProcess.java:416) [org.eclipse.equinox.ds_1.4.1.v20120926-201320.jar:na]
	at org.eclipse.equinox.internal.ds.Resolver.getEligible(Resolver.java:334) [org.eclipse.equinox.ds_1.4.1.v20120926-201320.jar:na]
	at org.eclipse.equinox.internal.ds.SCRManager.serviceChanged(SCRManager.java:222) [org.eclipse.equinox.ds_1.4.1.v20120926-201320.jar:na]
	at org.eclipse.osgi.internal.serviceregistry.FilteredServiceListener.serviceChanged(FilteredServiceListener.java:107) [org.eclipse.osgi_3.8.2.v20130124-134944.jar:na]
	at org.eclipse.osgi.framework.internal.core.BundleContextImpl.dispatchEvent(BundleContextImpl.java:861) [org.eclipse.osgi_3.8.2.v20130124-134944.jar:na]
	at org.eclipse.osgi.framework.eventmgr.EventManager.dispatchEvent(EventManager.java:230) [org.eclipse.osgi_3.8.2.v20130124-134944.jar:na]
	at org.eclipse.osgi.framework.eventmgr.ListenerQueue.dispatchEventSynchronous(ListenerQueue.java:148) [org.eclipse.osgi_3.8.2.v20130124-134944.jar:na]
	at org.eclipse.osgi.internal.serviceregistry.ServiceRegistry.publishServiceEventPrivileged(ServiceRegistry.java:819) [org.eclipse.osgi_3.8.2.v20130124-134944.jar:na]
	at org.eclipse.osgi.internal.serviceregistry.ServiceRegistry.publishServiceEvent(ServiceRegistry.java:771) [org.eclipse.osgi_3.8.2.v20130124-134944.jar:na]
	at org.eclipse.osgi.internal.serviceregistry.ServiceRegistrationImpl.register(ServiceRegistrationImpl.java:130) [org.eclipse.osgi_3.8.2.v20130124-134944.jar:na]
	at org.eclipse.osgi.internal.serviceregistry.ServiceRegistry.registerService(ServiceRegistry.java:214) [org.eclipse.osgi_3.8.2.v20130124-134944.jar:na]
	at org.eclipse.osgi.framework.internal.core.BundleContextImpl.registerService(BundleContextImpl.java:433) [org.eclipse.osgi_3.8.2.v20130124-134944.jar:na]
	at org.eclipse.equinox.internal.ds.InstanceProcess.registerService(InstanceProcess.java:536) [org.eclipse.equinox.ds_1.4.1.v20120926-201320.jar:na]
	at org.eclipse.equinox.internal.ds.InstanceProcess.buildComponents(InstanceProcess.java:260) [org.eclipse.equinox.ds_1.4.1.v20120926-201320.jar:na]
	at org.eclipse.equinox.internal.ds.Resolver.buildNewlySatisfied(Resolver.java:473) [org.eclipse.equinox.ds_1.4.1.v20120926-201320.jar:na]
	at org.eclipse.equinox.internal.ds.Resolver.enableComponents(Resolver.java:217) [org.eclipse.equinox.ds_1.4.1.v20120926-201320.jar:na]
	at org.eclipse.equinox.internal.ds.SCRManager.performWork(SCRManager.java:816) [org.eclipse.equinox.ds_1.4.1.v20120926-201320.jar:na]
	at org.eclipse.equinox.internal.ds.SCRManager$QueuedJob.dispatch(SCRManager.java:783) [org.eclipse.equinox.ds_1.4.1.v20120926-201320.jar:na]
	at org.eclipse.equinox.internal.ds.WorkThread.run(WorkThread.java:89) [org.eclipse.equinox.ds_1.4.1.v20120926-201320.jar:na]
	at org.eclipse.equinox.internal.util.impl.tpt.threadpool.Executor.run(Executor.java:70) [org.eclipse.equinox.util_1.0.400.v20120917-192807.jar:na]
2016-01-14 14:05:28.724 [INFO ] [.service.AbstractActiveService] - HTTP Refresh Service has been started
2016-01-14 14:05:28.772 [INFO ] [.service.AbstractActiveService] - NTP Refresh Service has been started
2016-01-14 14:05:33.786 [WARN ] [inding.ntp.internal.NtpBinding] - couldn't establish network connection [host 'ptbtime1.ptb.de'] -> returning current sytem time instead
2016-01-14 14:05:35.378 [INFO ] [c.internal.ModelRepositoryImpl] - Loading model 'demo.rules'
2016-01-14 14:05:48.366 [INFO ] [penhab.io.rest.RESTApplication] - Stopped REST API
2016-01-14 14:05:52.387 [INFO ] [.o.u.w.i.servlet.WebAppServlet] - Stopped Classic UI
2016-01-14 14:06:12.839 [INFO ] [.o.core.internal.CoreActivator] - openHAB runtime has been started (v1.7.1).
2016-01-14 14:06:13.825 [INFO ] [o.o.i.s.i.DiscoveryServiceImpl] - mDNS service has been started
2016-01-14 14:06:13.925 [INFO ] [o.o.i.s.i.DiscoveryServiceImpl] - Service Discovery initialization completed.
2016-01-14 14:06:16.151 [INFO ] [penhab.io.rest.RESTApplication] - Started REST API at /rest
2016-01-14 14:06:23.555 [INFO ] [c.internal.ModelRepositoryImpl] - Loading model 'projet.sitemap'
2016-01-14 14:06:23.733 [INFO ] [c.internal.ModelRepositoryImpl] - Loading model 'logging.persist'
2016-01-14 14:06:23.767 [INFO ] [c.internal.ModelRepositoryImpl] - Loading model 'db4o.persist'
2016-01-14 14:06:23.776 [INFO ] [c.internal.ModelRepositoryImpl] - Loading model 'exec.persist'
2016-01-14 14:06:23.783 [INFO ] [c.internal.ModelRepositoryImpl] - Loading model 'rrd4j.persist'
2016-01-14 14:06:23.866 [INFO ] [c.internal.ModelRepositoryImpl] - Loading model 'demo.script'
2016-01-14 14:06:23.965 [INFO ] [c.internal.ModelRepositoryImpl] - Loading model 'projet_bati.items'
2016-01-14 14:06:24.135 [INFO ] [.o.u.w.i.servlet.WebAppServlet] - Started Classic UI at /openhab.app
2016-01-14 14:06:26.891 [ERROR] [i.internal.GenericItemProvider] - Binding configuration of type 'serial' of item ‘Pillbox‘ could not be parsed correctly.
org.openhab.model.item.binding.BindingConfigParseException: Could not open serial port /dev/ttyACM0: Serial port '/dev/ttyACM0' could not be found. Available ports are:

	at org.openhab.binding.serial.internal.SerialBinding.processBindingConfiguration(SerialBinding.java:138) ~[na:na]
	at org.openhab.model.item.internal.GenericItemProvider.internalDispatchBindings(GenericItemProvider.java:348) [org.openhab.model.item_1.7.1.jar:na]
	at org.openhab.model.item.internal.GenericItemProvider.dispatchBindingsPerType(GenericItemProvider.java:309) [org.openhab.model.item_1.7.1.jar:na]
	at org.openhab.model.item.internal.GenericItemProvider.addBindingConfigReader(GenericItemProvider.java:106) [org.openhab.model.item_1.7.1.jar:na]
	at sun.reflect.NativeMethodAccessorImpl.invoke0(Native Method) ~[na:1.8.0_66]
	at sun.reflect.NativeMethodAccessorImpl.invoke(NativeMethodAccessorImpl.java:62) ~[na:1.8.0_66]
	at sun.reflect.DelegatingMethodAccessorImpl.invoke(DelegatingMethodAccessorImpl.java:43) ~[na:1.8.0_66]
	at java.lang.reflect.Method.invoke(Method.java:497) ~[na:1.8.0_66]
	at org.eclipse.equinox.internal.ds.model.ComponentReference.bind(ComponentReference.java:376) [org.eclipse.equinox.ds_1.4.1.v20120926-201320.jar:na]
	at org.eclipse.equinox.internal.ds.model.ServiceComponentProp.bindReference(ServiceComponentProp.java:444) [org.eclipse.equinox.ds_1.4.1.v20120926-201320.jar:na]
	at org.eclipse.equinox.internal.ds.InstanceProcess.dynamicBind(InstanceProcess.java:416) [org.eclipse.equinox.ds_1.4.1.v20120926-201320.jar:na]
	at org.eclipse.equinox.internal.ds.Resolver.getEligible(Resolver.java:334) [org.eclipse.equinox.ds_1.4.1.v20120926-201320.jar:na]
	at org.eclipse.equinox.internal.ds.SCRManager.serviceChanged(SCRManager.java:222) [org.eclipse.equinox.ds_1.4.1.v20120926-201320.jar:na]
	at org.eclipse.osgi.internal.serviceregistry.FilteredServiceListener.serviceChanged(FilteredServiceListener.java:107) [org.eclipse.osgi_3.8.2.v20130124-134944.jar:na]
	at org.eclipse.osgi.framework.internal.core.BundleContextImpl.dispatchEvent(BundleContextImpl.java:861) [org.eclipse.osgi_3.8.2.v20130124-134944.jar:na]
	at org.eclipse.osgi.framework.eventmgr.EventManager.dispatchEvent(EventManager.java:230) [org.eclipse.osgi_3.8.2.v20130124-134944.jar:na]
	at org.eclipse.osgi.framework.eventmgr.ListenerQueue.dispatchEventSynchronous(ListenerQueue.java:148) [org.eclipse.osgi_3.8.2.v20130124-134944.jar:na]
	at org.eclipse.osgi.internal.serviceregistry.ServiceRegistry.publishServiceEventPrivileged(ServiceRegistry.java:819) [org.eclipse.osgi_3.8.2.v20130124-134944.jar:na]
	at org.eclipse.osgi.internal.serviceregistry.ServiceRegistry.publishServiceEvent(ServiceRegistry.java:771) [org.eclipse.osgi_3.8.2.v20130124-134944.jar:na]
	at org.eclipse.osgi.internal.serviceregistry.ServiceRegistrationImpl.register(ServiceRegistrationImpl.java:130) [org.eclipse.osgi_3.8.2.v20130124-134944.jar:na]
	at org.eclipse.osgi.internal.serviceregistry.ServiceRegistry.registerService(ServiceRegistry.java:214) [org.eclipse.osgi_3.8.2.v20130124-134944.jar:na]
	at org.eclipse.osgi.framework.internal.core.BundleContextImpl.registerService(BundleContextImpl.java:433) [org.eclipse.osgi_3.8.2.v20130124-134944.jar:na]
	at org.eclipse.equinox.internal.ds.InstanceProcess.registerService(InstanceProcess.java:536) [org.eclipse.equinox.ds_1.4.1.v20120926-201320.jar:na]
	at org.eclipse.equinox.internal.ds.InstanceProcess.buildComponents(InstanceProcess.java:260) [org.eclipse.equinox.ds_1.4.1.v20120926-201320.jar:na]
	at org.eclipse.equinox.internal.ds.Resolver.buildNewlySatisfied(Resolver.java:473) [org.eclipse.equinox.ds_1.4.1.v20120926-201320.jar:na]
	at org.eclipse.equinox.internal.ds.Resolver.enableComponents(Resolver.java:217) [org.eclipse.equinox.ds_1.4.1.v20120926-201320.jar:na]
	at org.eclipse.equinox.internal.ds.SCRManager.performWork(SCRManager.java:816) [org.eclipse.equinox.ds_1.4.1.v20120926-201320.jar:na]
	at org.eclipse.equinox.internal.ds.SCRManager$QueuedJob.dispatch(SCRManager.java:783) [org.eclipse.equinox.ds_1.4.1.v20120926-201320.jar:na]
	at org.eclipse.equinox.internal.ds.WorkThread.run(WorkThread.java:89) [org.eclipse.equinox.ds_1.4.1.v20120926-201320.jar:na]
	at org.eclipse.equinox.internal.util.impl.tpt.threadpool.Executor.run(Executor.java:70) [org.eclipse.equinox.util_1.0.400.v20120917-192807.jar:na]
2016-01-14 14:06:27.032 [INFO ] [.service.AbstractActiveService] - HTTP Refresh Service has been started
2016-01-14 14:06:27.037 [INFO ] [.service.AbstractActiveService] - NTP Refresh Service has been started
2016-01-14 14:06:32.049 [WARN ] [inding.ntp.internal.NtpBinding] - couldn't establish network connection [host 'ptbtime1.ptb.de'] -> returning current sytem time instead
2016-01-14 14:06:34.047 [INFO ] [c.internal.ModelRepositoryImpl] - Loading model 'demo.rules'
2016-01-14 14:06:51.446 [INFO ] [penhab.io.rest.RESTApplication] - Stopped REST API
2016-01-14 14:06:55.466 [INFO ] [.o.u.w.i.servlet.WebAppServlet] - Stopped Classic UI
2016-01-14 14:07:11.805 [INFO ] [.o.core.internal.CoreActivator] - openHAB runtime has been started (v1.7.1).
2016-01-14 14:07:12.802 [INFO ] [o.o.i.s.i.DiscoveryServiceImpl] - mDNS service has been started
2016-01-14 14:07:12.850 [INFO ] [o.o.i.s.i.DiscoveryServiceImpl] - Service Discovery initialization completed.
2016-01-14 14:07:14.893 [INFO ] [penhab.io.rest.RESTApplication] - Started REST API at /rest
2016-01-14 14:07:22.511 [INFO ] [c.internal.ModelRepositoryImpl] - Loading model 'projet.sitemap'
2016-01-14 14:07:22.670 [INFO ] [c.internal.ModelRepositoryImpl] - Loading model 'logging.persist'
2016-01-14 14:07:22.694 [INFO ] [c.internal.ModelRepositoryImpl] - Loading model 'db4o.persist'
2016-01-14 14:07:22.709 [INFO ] [c.internal.ModelRepositoryImpl] - Loading model 'exec.persist'
2016-01-14 14:07:22.712 [INFO ] [c.internal.ModelRepositoryImpl] - Loading model 'rrd4j.persist'
2016-01-14 14:07:22.764 [INFO ] [c.internal.ModelRepositoryImpl] - Loading model 'demo.script'
2016-01-14 14:07:22.866 [INFO ] [c.internal.ModelRepositoryImpl] - Loading model 'projet_bati.items'
2016-01-14 14:07:23.057 [INFO ] [.o.u.w.i.servlet.WebAppServlet] - Started Classic UI at /openhab.app
2016-01-14 14:07:25.904 [ERROR] [i.internal.GenericItemProvider] - Binding configuration of type 'serial' of item ‘Pillbox‘ could not be parsed correctly.
org.openhab.model.item.binding.BindingConfigParseException: Could not open serial port /dev/ttyACM0: Serial port '/dev/ttyACM0' could not be found. Available ports are:

	at org.openhab.binding.serial.internal.SerialBinding.processBindingConfiguration(SerialBinding.java:138) ~[na:na]
	at org.openhab.model.item.internal.GenericItemProvider.internalDispatchBindings(GenericItemProvider.java:348) [org.openhab.model.item_1.7.1.jar:na]
	at org.openhab.model.item.internal.GenericItemProvider.dispatchBindingsPerType(GenericItemProvider.java:309) [org.openhab.model.item_1.7.1.jar:na]
	at org.openhab.model.item.internal.GenericItemProvider.addBindingConfigReader(GenericItemProvider.java:106) [org.openhab.model.item_1.7.1.jar:na]
	at sun.reflect.NativeMethodAccessorImpl.invoke0(Native Method) ~[na:1.8.0_66]
	at sun.reflect.NativeMethodAccessorImpl.invoke(NativeMethodAccessorImpl.java:62) ~[na:1.8.0_66]
	at sun.reflect.DelegatingMethodAccessorImpl.invoke(DelegatingMethodAccessorImpl.java:43) ~[na:1.8.0_66]
	at java.lang.reflect.Method.invoke(Method.java:497) ~[na:1.8.0_66]
	at org.eclipse.equinox.internal.ds.model.ComponentReference.bind(ComponentReference.java:376) [org.eclipse.equinox.ds_1.4.1.v20120926-201320.jar:na]
	at org.eclipse.equinox.internal.ds.model.ServiceComponentProp.bindReference(ServiceComponentProp.java:444) [org.eclipse.equinox.ds_1.4.1.v20120926-201320.jar:na]
	at org.eclipse.equinox.internal.ds.InstanceProcess.dynamicBind(InstanceProcess.java:416) [org.eclipse.equinox.ds_1.4.1.v20120926-201320.jar:na]
	at org.eclipse.equinox.internal.ds.Resolver.getEligible(Resolver.java:334) [org.eclipse.equinox.ds_1.4.1.v20120926-201320.jar:na]
	at org.eclipse.equinox.internal.ds.SCRManager.serviceChanged(SCRManager.java:222) [org.eclipse.equinox.ds_1.4.1.v20120926-201320.jar:na]
	at org.eclipse.osgi.internal.serviceregistry.FilteredServiceListener.serviceChanged(FilteredServiceListener.java:107) [org.eclipse.osgi_3.8.2.v20130124-134944.jar:na]
	at org.eclipse.osgi.framework.internal.core.BundleContextImpl.dispatchEvent(BundleContextImpl.java:861) [org.eclipse.osgi_3.8.2.v20130124-134944.jar:na]
	at org.eclipse.osgi.framework.eventmgr.EventManager.dispatchEvent(EventManager.java:230) [org.eclipse.osgi_3.8.2.v20130124-134944.jar:na]
	at org.eclipse.osgi.framework.eventmgr.ListenerQueue.dispatchEventSynchronous(ListenerQueue.java:148) [org.eclipse.osgi_3.8.2.v20130124-134944.jar:na]
	at org.eclipse.osgi.internal.serviceregistry.ServiceRegistry.publishServiceEventPrivileged(ServiceRegistry.java:819) [org.eclipse.osgi_3.8.2.v20130124-134944.jar:na]
	at org.eclipse.osgi.internal.serviceregistry.ServiceRegistry.publishServiceEvent(ServiceRegistry.java:771) [org.eclipse.osgi_3.8.2.v20130124-134944.jar:na]
	at org.eclipse.osgi.internal.serviceregistry.ServiceRegistrationImpl.register(ServiceRegistrationImpl.java:130) [org.eclipse.osgi_3.8.2.v20130124-134944.jar:na]
	at org.eclipse.osgi.internal.serviceregistry.ServiceRegistry.registerService(ServiceRegistry.java:214) [org.eclipse.osgi_3.8.2.v20130124-134944.jar:na]
	at org.eclipse.osgi.framework.internal.core.BundleContextImpl.registerService(BundleContextImpl.java:433) [org.eclipse.osgi_3.8.2.v20130124-134944.jar:na]
	at org.eclipse.equinox.internal.ds.InstanceProcess.registerService(InstanceProcess.java:536) [org.eclipse.equinox.ds_1.4.1.v20120926-201320.jar:na]
	at org.eclipse.equinox.internal.ds.InstanceProcess.buildComponents(InstanceProcess.java:260) [org.eclipse.equinox.ds_1.4.1.v20120926-201320.jar:na]
	at org.eclipse.equinox.internal.ds.Resolver.buildNewlySatisfied(Resolver.java:473) [org.eclipse.equinox.ds_1.4.1.v20120926-201320.jar:na]
	at org.eclipse.equinox.internal.ds.Resolver.enableComponents(Resolver.java:217) [org.eclipse.equinox.ds_1.4.1.v20120926-201320.jar:na]
	at org.eclipse.equinox.internal.ds.SCRManager.performWork(SCRManager.java:816) [org.eclipse.equinox.ds_1.4.1.v20120926-201320.jar:na]
	at org.eclipse.equinox.internal.ds.SCRManager$QueuedJob.dispatch(SCRManager.java:783) [org.eclipse.equinox.ds_1.4.1.v20120926-201320.jar:na]
	at org.eclipse.equinox.internal.ds.WorkThread.run(WorkThread.java:89) [org.eclipse.equinox.ds_1.4.1.v20120926-201320.jar:na]
	at org.eclipse.equinox.internal.util.impl.tpt.threadpool.Executor.run(Executor.java:70) [org.eclipse.equinox.util_1.0.400.v20120917-192807.jar:na]
2016-01-14 14:07:25.965 [INFO ] [.service.AbstractActiveService] - HTTP Refresh Service has been started
2016-01-14 14:07:25.993 [INFO ] [.service.AbstractActiveService] - NTP Refresh Service has been started
2016-01-14 14:07:31.021 [WARN ] [inding.ntp.internal.NtpBinding] - couldn't establish network connection [host 'ptbtime1.ptb.de'] -> returning current sytem time instead
2016-01-14 14:07:32.985 [INFO ] [c.internal.ModelRepositoryImpl] - Loading model 'demo.rules'
2016-01-14 14:07:42.284 [INFO ] [penhab.io.rest.RESTApplication] - Stopped REST API
2016-01-14 14:07:46.307 [INFO ] [.o.u.w.i.servlet.WebAppServlet] - Stopped Classic UI
2016-01-14 14:08:16.215 [INFO ] [.o.core.internal.CoreActivator] - openHAB runtime has been started (v1.7.1).
2016-01-14 14:08:17.327 [INFO ] [o.o.i.s.i.DiscoveryServiceImpl] - mDNS service has been started
2016-01-14 14:08:17.425 [INFO ] [o.o.i.s.i.DiscoveryServiceImpl] - Service Discovery initialization completed.
2016-01-14 14:08:19.406 [INFO ] [penhab.io.rest.RESTApplication] - Started REST API at /rest
2016-01-14 14:08:26.864 [INFO ] [c.internal.ModelRepositoryImpl] - Loading model 'projet.sitemap'
2016-01-14 14:08:27.019 [INFO ] [c.internal.ModelRepositoryImpl] - Loading model 'logging.persist'
2016-01-14 14:08:27.050 [INFO ] [c.internal.ModelRepositoryImpl] - Loading model 'db4o.persist'
2016-01-14 14:08:27.069 [INFO ] [c.internal.ModelRepositoryImpl] - Loading model 'exec.persist'
2016-01-14 14:08:27.075 [INFO ] [c.internal.ModelRepositoryImpl] - Loading model 'rrd4j.persist'
2016-01-14 14:08:27.173 [INFO ] [c.internal.ModelRepositoryImpl] - Loading model 'demo.script'
2016-01-14 14:08:27.290 [INFO ] [c.internal.ModelRepositoryImpl] - Loading model 'projet_bati.items'
2016-01-14 14:08:27.678 [INFO ] [.o.u.w.i.servlet.WebAppServlet] - Started Classic UI at /openhab.app
2016-01-14 14:08:30.428 [ERROR] [i.internal.GenericItemProvider] - Binding configuration of type 'serial' of item ‘Pillbox‘ could not be parsed correctly.
org.openhab.model.item.binding.BindingConfigParseException: Could not open serial port /dev/ttyACM0: Serial port '/dev/ttyACM0' could not be found. Available ports are:

	at org.openhab.binding.serial.internal.SerialBinding.processBindingConfiguration(SerialBinding.java:138) ~[na:na]
	at org.openhab.model.item.internal.GenericItemProvider.internalDispatchBindings(GenericItemProvider.java:348) [org.openhab.model.item_1.7.1.jar:na]
	at org.openhab.model.item.internal.GenericItemProvider.dispatchBindingsPerType(GenericItemProvider.java:309) [org.openhab.model.item_1.7.1.jar:na]
	at org.openhab.model.item.internal.GenericItemProvider.addBindingConfigReader(GenericItemProvider.java:106) [org.openhab.model.item_1.7.1.jar:na]
	at sun.reflect.NativeMethodAccessorImpl.invoke0(Native Method) ~[na:1.8.0_66]
	at sun.reflect.NativeMethodAccessorImpl.invoke(NativeMethodAccessorImpl.java:62) ~[na:1.8.0_66]
	at sun.reflect.DelegatingMethodAccessorImpl.invoke(DelegatingMethodAccessorImpl.java:43) ~[na:1.8.0_66]
	at java.lang.reflect.Method.invoke(Method.java:497) ~[na:1.8.0_66]
	at org.eclipse.equinox.internal.ds.model.ComponentReference.bind(ComponentReference.java:376) [org.eclipse.equinox.ds_1.4.1.v20120926-201320.jar:na]
	at org.eclipse.equinox.internal.ds.model.ServiceComponentProp.bindReference(ServiceComponentProp.java:444) [org.eclipse.equinox.ds_1.4.1.v20120926-201320.jar:na]
	at org.eclipse.equinox.internal.ds.InstanceProcess.dynamicBind(InstanceProcess.java:416) [org.eclipse.equinox.ds_1.4.1.v20120926-201320.jar:na]
	at org.eclipse.equinox.internal.ds.Resolver.getEligible(Resolver.java:334) [org.eclipse.equinox.ds_1.4.1.v20120926-201320.jar:na]
	at org.eclipse.equinox.internal.ds.SCRManager.serviceChanged(SCRManager.java:222) [org.eclipse.equinox.ds_1.4.1.v20120926-201320.jar:na]
	at org.eclipse.osgi.internal.serviceregistry.FilteredServiceListener.serviceChanged(FilteredServiceListener.java:107) [org.eclipse.osgi_3.8.2.v20130124-134944.jar:na]
	at org.eclipse.osgi.framework.internal.core.BundleContextImpl.dispatchEvent(BundleContextImpl.java:861) [org.eclipse.osgi_3.8.2.v20130124-134944.jar:na]
	at org.eclipse.osgi.framework.eventmgr.EventManager.dispatchEvent(EventManager.java:230) [org.eclipse.osgi_3.8.2.v20130124-134944.jar:na]
	at org.eclipse.osgi.framework.eventmgr.ListenerQueue.dispatchEventSynchronous(ListenerQueue.java:148) [org.eclipse.osgi_3.8.2.v20130124-134944.jar:na]
	at org.eclipse.osgi.internal.serviceregistry.ServiceRegistry.publishServiceEventPrivileged(ServiceRegistry.java:819) [org.eclipse.osgi_3.8.2.v20130124-134944.jar:na]
	at org.eclipse.osgi.internal.serviceregistry.ServiceRegistry.publishServiceEvent(ServiceRegistry.java:771) [org.eclipse.osgi_3.8.2.v20130124-134944.jar:na]
	at org.eclipse.osgi.internal.serviceregistry.ServiceRegistrationImpl.register(ServiceRegistrationImpl.java:130) [org.eclipse.osgi_3.8.2.v20130124-134944.jar:na]
	at org.eclipse.osgi.internal.serviceregistry.ServiceRegistry.registerService(ServiceRegistry.java:214) [org.eclipse.osgi_3.8.2.v20130124-134944.jar:na]
	at org.eclipse.osgi.framework.internal.core.BundleContextImpl.registerService(BundleContextImpl.java:433) [org.eclipse.osgi_3.8.2.v20130124-134944.jar:na]
	at org.eclipse.equinox.internal.ds.InstanceProcess.registerService(InstanceProcess.java:536) [org.eclipse.equinox.ds_1.4.1.v20120926-201320.jar:na]
	at org.eclipse.equinox.internal.ds.InstanceProcess.buildComponents(InstanceProcess.java:260) [org.eclipse.equinox.ds_1.4.1.v20120926-201320.jar:na]
	at org.eclipse.equinox.internal.ds.Resolver.buildNewlySatisfied(Resolver.java:473) [org.eclipse.equinox.ds_1.4.1.v20120926-201320.jar:na]
	at org.eclipse.equinox.internal.ds.Resolver.enableComponents(Resolver.java:217) [org.eclipse.equinox.ds_1.4.1.v20120926-201320.jar:na]
	at org.eclipse.equinox.internal.ds.SCRManager.performWork(SCRManager.java:816) [org.eclipse.equinox.ds_1.4.1.v20120926-201320.jar:na]
	at org.eclipse.equinox.internal.ds.SCRManager$QueuedJob.dispatch(SCRManager.java:783) [org.eclipse.equinox.ds_1.4.1.v20120926-201320.jar:na]
	at org.eclipse.equinox.internal.ds.WorkThread.run(WorkThread.java:89) [org.eclipse.equinox.ds_1.4.1.v20120926-201320.jar:na]
	at org.eclipse.equinox.internal.util.impl.tpt.threadpool.Executor.run(Executor.java:70) [org.eclipse.equinox.util_1.0.400.v20120917-192807.jar:na]
2016-01-14 14:08:30.469 [INFO ] [.service.AbstractActiveService] - HTTP Refresh Service has been started
2016-01-14 14:08:30.574 [INFO ] [.service.AbstractActiveService] - NTP Refresh Service has been started
2016-01-14 14:08:35.592 [WARN ] [inding.ntp.internal.NtpBinding] - couldn't establish network connection [host 'ptbtime1.ptb.de'] -> returning current sytem time instead
2016-01-14 14:08:37.409 [INFO ] [c.internal.ModelRepositoryImpl] - Loading model 'demo.rules'
2016-01-14 14:09:21.742 [INFO ] [penhab.io.rest.RESTApplication] - Stopped REST API
2016-01-14 14:09:25.758 [INFO ] [.o.u.w.i.servlet.WebAppServlet] - Stopped Classic UI
2016-01-14 14:12:24.170 [INFO ] [.o.core.internal.CoreActivator] - openHAB runtime has been started (v1.7.1).
2016-01-14 14:12:25.643 [INFO ] [o.o.i.s.i.DiscoveryServiceImpl] - mDNS service has been started
2016-01-14 14:12:25.731 [INFO ] [o.o.i.s.i.DiscoveryServiceImpl] - Service Discovery initialization completed.
2016-01-14 14:12:28.208 [INFO ] [penhab.io.rest.RESTApplication] - Started REST API at /rest
2016-01-14 14:12:35.241 [INFO ] [c.internal.ModelRepositoryImpl] - Loading model 'projet.sitemap'
2016-01-14 14:12:35.488 [INFO ] [c.internal.ModelRepositoryImpl] - Loading model 'logging.persist'
2016-01-14 14:12:35.520 [INFO ] [c.internal.ModelRepositoryImpl] - Loading model 'db4o.persist'
2016-01-14 14:12:35.537 [INFO ] [c.internal.ModelRepositoryImpl] - Loading model 'exec.persist'
2016-01-14 14:12:35.544 [INFO ] [c.internal.ModelRepositoryImpl] - Loading model 'rrd4j.persist'
2016-01-14 14:12:35.646 [INFO ] [c.internal.ModelRepositoryImpl] - Loading model 'demo.script'
2016-01-14 14:12:35.745 [INFO ] [c.internal.ModelRepositoryImpl] - Loading model 'projet_bati.items'
2016-01-14 14:12:36.113 [INFO ] [.o.u.w.i.servlet.WebAppServlet] - Started Classic UI at /openhab.app
2016-01-14 14:12:39.695 [ERROR] [i.internal.GenericItemProvider] - Binding configuration of type 'serial' of item ‘Pillbox‘ could not be parsed correctly.
org.openhab.model.item.binding.BindingConfigParseException: Could not open serial port /dev/ttyACM0: Serial port '/dev/ttyACM0' could not be found. Available ports are:

	at org.openhab.binding.serial.internal.SerialBinding.processBindingConfiguration(SerialBinding.java:138) ~[na:na]
	at org.openhab.model.item.internal.GenericItemProvider.internalDispatchBindings(GenericItemProvider.java:348) [org.openhab.model.item_1.7.1.jar:na]
	at org.openhab.model.item.internal.GenericItemProvider.dispatchBindingsPerType(GenericItemProvider.java:309) [org.openhab.model.item_1.7.1.jar:na]
	at org.openhab.model.item.internal.GenericItemProvider.addBindingConfigReader(GenericItemProvider.java:106) [org.openhab.model.item_1.7.1.jar:na]
	at sun.reflect.NativeMethodAccessorImpl.invoke0(Native Method) ~[na:1.8.0_66]
	at sun.reflect.NativeMethodAccessorImpl.invoke(NativeMethodAccessorImpl.java:62) ~[na:1.8.0_66]
	at sun.reflect.DelegatingMethodAccessorImpl.invoke(DelegatingMethodAccessorImpl.java:43) ~[na:1.8.0_66]
	at java.lang.reflect.Method.invoke(Method.java:497) ~[na:1.8.0_66]
	at org.eclipse.equinox.internal.ds.model.ComponentReference.bind(ComponentReference.java:376) [org.eclipse.equinox.ds_1.4.1.v20120926-201320.jar:na]
	at org.eclipse.equinox.internal.ds.model.ServiceComponentProp.bindReference(ServiceComponentProp.java:444) [org.eclipse.equinox.ds_1.4.1.v20120926-201320.jar:na]
	at org.eclipse.equinox.internal.ds.InstanceProcess.dynamicBind(InstanceProcess.java:416) [org.eclipse.equinox.ds_1.4.1.v20120926-201320.jar:na]
	at org.eclipse.equinox.internal.ds.Resolver.getEligible(Resolver.java:334) [org.eclipse.equinox.ds_1.4.1.v20120926-201320.jar:na]
	at org.eclipse.equinox.internal.ds.SCRManager.serviceChanged(SCRManager.java:222) [org.eclipse.equinox.ds_1.4.1.v20120926-201320.jar:na]
	at org.eclipse.osgi.internal.serviceregistry.FilteredServiceListener.serviceChanged(FilteredServiceListener.java:107) [org.eclipse.osgi_3.8.2.v20130124-134944.jar:na]
	at org.eclipse.osgi.framework.internal.core.BundleContextImpl.dispatchEvent(BundleContextImpl.java:861) [org.eclipse.osgi_3.8.2.v20130124-134944.jar:na]
	at org.eclipse.osgi.framework.eventmgr.EventManager.dispatchEvent(EventManager.java:230) [org.eclipse.osgi_3.8.2.v20130124-134944.jar:na]
	at org.eclipse.osgi.framework.eventmgr.ListenerQueue.dispatchEventSynchronous(ListenerQueue.java:148) [org.eclipse.osgi_3.8.2.v20130124-134944.jar:na]
	at org.eclipse.osgi.internal.serviceregistry.ServiceRegistry.publishServiceEventPrivileged(ServiceRegistry.java:819) [org.eclipse.osgi_3.8.2.v20130124-134944.jar:na]
	at org.eclipse.osgi.internal.serviceregistry.ServiceRegistry.publishServiceEvent(ServiceRegistry.java:771) [org.eclipse.osgi_3.8.2.v20130124-134944.jar:na]
	at org.eclipse.osgi.internal.serviceregistry.ServiceRegistrationImpl.register(ServiceRegistrationImpl.java:130) [org.eclipse.osgi_3.8.2.v20130124-134944.jar:na]
	at org.eclipse.osgi.internal.serviceregistry.ServiceRegistry.registerService(ServiceRegistry.java:214) [org.eclipse.osgi_3.8.2.v20130124-134944.jar:na]
	at org.eclipse.osgi.framework.internal.core.BundleContextImpl.registerService(BundleContextImpl.java:433) [org.eclipse.osgi_3.8.2.v20130124-134944.jar:na]
	at org.eclipse.equinox.internal.ds.InstanceProcess.registerService(InstanceProcess.java:536) [org.eclipse.equinox.ds_1.4.1.v20120926-201320.jar:na]
	at org.eclipse.equinox.internal.ds.InstanceProcess.buildComponents(InstanceProcess.java:260) [org.eclipse.equinox.ds_1.4.1.v20120926-201320.jar:na]
	at org.eclipse.equinox.internal.ds.Resolver.buildNewlySatisfied(Resolver.java:473) [org.eclipse.equinox.ds_1.4.1.v20120926-201320.jar:na]
	at org.eclipse.equinox.internal.ds.Resolver.enableComponents(Resolver.java:217) [org.eclipse.equinox.ds_1.4.1.v20120926-201320.jar:na]
	at org.eclipse.equinox.internal.ds.SCRManager.performWork(SCRManager.java:816) [org.eclipse.equinox.ds_1.4.1.v20120926-201320.jar:na]
	at org.eclipse.equinox.internal.ds.SCRManager$QueuedJob.dispatch(SCRManager.java:783) [org.eclipse.equinox.ds_1.4.1.v20120926-201320.jar:na]
	at org.eclipse.equinox.internal.ds.WorkThread.run(WorkThread.java:89) [org.eclipse.equinox.ds_1.4.1.v20120926-201320.jar:na]
	at org.eclipse.equinox.internal.util.impl.tpt.threadpool.Executor.run(Executor.java:70) [org.eclipse.equinox.util_1.0.400.v20120917-192807.jar:na]
2016-01-14 14:12:39.820 [INFO ] [.service.AbstractActiveService] - HTTP Refresh Service has been started
2016-01-14 14:12:39.841 [INFO ] [.service.AbstractActiveService] - NTP Refresh Service has been started
2016-01-14 14:12:44.863 [WARN ] [inding.ntp.internal.NtpBinding] - couldn't establish network connection [host 'ptbtime1.ptb.de'] -> returning current sytem time instead
2016-01-14 14:12:45.843 [INFO ] [c.internal.ModelRepositoryImpl] - Loading model 'demo.rules'
2016-01-14 14:23:40.343 [INFO ] [penhab.io.rest.RESTApplication] - Stopped REST API
2016-01-14 14:23:44.362 [INFO ] [.o.u.w.i.servlet.WebAppServlet] - Stopped Classic UI
