2015-11-02 16:27:39,652 - Temperature_GF_Corridor  : 18.30000000
2015-11-02 16:27:39,666 - Temperature_GF_Toilet    : 20.20000000
2015-11-02 16:27:39,681 - Temperature_GF_Living    : 21.40000000
2015-11-02 16:27:39,686 - Temperature_GF_Kitchen   : 19.00000000
2015-11-02 16:27:39,694 - Temperature_FF_Bath      : 18.90000000
2015-11-02 16:27:39,709 - Temperature_FF_Office    : 20.50000000
2015-11-02 16:27:39,723 - Temperature_FF_Child     : 21.90000000
2015-11-02 16:27:39,734 - Temperature_FF_Bed       : 18.20000000
2015-11-02 16:30:00,014 - Temperature_GF_Corridor  : 18.00000000
2015-11-02 16:30:00,021 - Temperature_GF_Toilet    : 20.60000000
2015-11-02 16:30:00,029 - Temperature_GF_Living    : 18.90000000
2015-11-02 16:30:00,037 - Temperature_GF_Kitchen   : 18.10000000
2015-11-02 16:30:00,042 - Temperature_FF_Bath      : 21.30000000
2015-11-02 16:30:00,051 - Temperature_FF_Office    : 21.20000000
2015-11-02 16:30:00,058 - Temperature_FF_Child     : 17.70000000
2015-11-02 16:30:00,065 - Temperature_FF_Bed       : 21.20000000
2015-11-02 16:30:52,681 - Temperature_GF_Corridor  : 19.30000000
2015-11-02 16:30:52,694 - Temperature_GF_Toilet    : 20.20000000
2015-11-02 16:30:52,702 - Temperature_GF_Living    : 18.10000000
2015-11-02 16:30:52,710 - Temperature_GF_Kitchen   : 18.10000000
2015-11-02 16:30:52,725 - Temperature_FF_Bath      : 17.90000000
2015-11-02 16:30:52,734 - Temperature_FF_Office    : 20.00000000
2015-11-02 16:30:52,742 - Temperature_FF_Child     : 19.30000000
2015-11-02 16:30:52,759 - Temperature_FF_Bed       : 18.30000000
2015-11-02 16:35:00,014 - Temperature_GF_Corridor  : 17.80000000
2015-11-02 16:35:00,018 - Temperature_GF_Toilet    : 22.10000000
2015-11-02 16:35:00,024 - Temperature_GF_Living    : 17.60000000
2015-11-02 16:35:00,048 - Temperature_GF_Kitchen   : 18.30000000
2015-11-02 16:35:00,050 - Temperature_FF_Bath      : 20.00000000
2015-11-02 16:35:00,061 - Temperature_FF_Office    : 21.10000000
2015-11-02 16:35:00,066 - Temperature_FF_Child     : 19.70000000
2015-11-02 16:35:00,070 - Temperature_FF_Bed       : 19.90000000
2015-11-02 16:40:00,012 - Temperature_GF_Corridor  : 19.80000000
2015-11-02 16:40:00,019 - Temperature_GF_Toilet    : 19.00000000
2015-11-02 16:40:00,024 - Temperature_GF_Living    : 17.70000000
2015-11-02 16:40:00,029 - Temperature_GF_Kitchen   : 17.70000000
2015-11-02 16:40:00,036 - Temperature_FF_Bath      : 18.50000000
2015-11-02 16:40:00,043 - Temperature_FF_Office    : 18.30000000
2015-11-02 16:40:00,048 - Temperature_FF_Child     : 22.10000000
2015-11-02 16:40:00,054 - Temperature_FF_Bed       : 21.80000000
2015-11-02 16:45:00,014 - Temperature_GF_Corridor  : 20.90000000
2015-11-02 16:45:00,019 - Temperature_GF_Toilet    : 20.50000000
2015-11-02 16:45:00,021 - Temperature_GF_Living    : 21.40000000
2015-11-02 16:45:00,027 - Temperature_GF_Kitchen   : 19.30000000
2015-11-02 16:45:00,031 - Temperature_FF_Bath      : 18.00000000
2015-11-02 16:45:00,036 - Temperature_FF_Office    : 21.40000000
2015-11-02 16:45:00,051 - Temperature_FF_Child     : 21.90000000
2015-11-02 16:45:00,062 - Temperature_FF_Bed       : 20.60000000
2015-11-02 16:50:00,013 - Temperature_GF_Corridor  : 22.10000000
2015-11-02 16:50:00,020 - Temperature_GF_Toilet    : 17.60000000
2015-11-02 16:50:00,022 - Temperature_GF_Living    : 18.10000000
2015-11-02 16:50:00,025 - Temperature_GF_Kitchen   : 19.00000000
2015-11-02 16:50:00,038 - Temperature_FF_Bath      : 20.70000000
2015-11-02 16:50:00,062 - Temperature_FF_Office    : 19.00000000
2015-11-02 16:50:00,066 - Temperature_FF_Child     : 22.10000000
2015-11-02 16:50:00,071 - Temperature_FF_Bed       : 19.20000000
2015-11-02 18:38:29,143 - Temperature_GF_Corridor  : 20.10000000
2015-11-02 18:38:29,147 - Temperature_GF_Toilet    : 19.70000000
2015-11-02 18:38:29,168 - Temperature_GF_Living    : 19.00000000
2015-11-02 18:38:29,172 - Temperature_GF_Kitchen   : 19.30000000
2015-11-02 18:38:29,175 - Temperature_FF_Bath      : 17.90000000
2015-11-02 18:38:29,186 - Temperature_FF_Office    : 22.10000000
2015-11-02 18:38:29,200 - Temperature_FF_Child     : 21.60000000
2015-11-02 18:38:29,204 - Temperature_FF_Bed       : 18.70000000
2015-11-02 18:40:00,013 - Temperature_GF_Corridor  : 19.80000000
2015-11-02 18:40:00,019 - Temperature_GF_Toilet    : 18.10000000
2015-11-02 18:40:00,022 - Temperature_GF_Living    : 21.60000000
2015-11-02 18:40:00,032 - Temperature_GF_Kitchen   : 18.00000000
2015-11-02 18:40:00,035 - Temperature_FF_Bath      : 20.10000000
2015-11-02 18:40:00,039 - Temperature_FF_Office    : 21.80000000
2015-11-02 18:40:00,042 - Temperature_FF_Child     : 20.40000000
2015-11-02 18:40:00,047 - Temperature_FF_Bed       : 20.30000000
2015-11-02 18:45:00,019 - Temperature_GF_Corridor  : 20.30000000
2015-11-02 18:45:00,032 - Temperature_GF_Toilet    : 21.40000000
2015-11-02 18:45:00,047 - Temperature_GF_Living    : 22.00000000
2015-11-02 18:45:00,053 - Temperature_GF_Kitchen   : 21.00000000
2015-11-02 18:45:00,067 - Temperature_FF_Bath      : 20.20000000
2015-11-02 18:45:00,076 - Temperature_FF_Office    : 21.60000000
2015-11-02 18:45:00,082 - Temperature_FF_Child     : 18.50000000
2015-11-02 18:45:00,093 - Temperature_FF_Bed       : 21.10000000
2015-11-02 18:50:00,029 - Temperature_GF_Corridor  : 20.20000000
2015-11-02 18:50:00,036 - Temperature_GF_Toilet    : 22.30000000
2015-11-02 18:50:00,044 - Temperature_GF_Living    : 22.20000000
2015-11-02 18:50:00,052 - Temperature_GF_Kitchen   : 19.70000000
2015-11-02 18:50:00,075 - Temperature_FF_Bath      : 22.10000000
2015-11-02 18:50:00,105 - Temperature_FF_Office    : 18.20000000
2015-11-02 18:50:00,127 - Temperature_FF_Child     : 20.80000000
2015-11-02 18:50:00,134 - Temperature_FF_Bed       : 19.00000000
2015-11-02 18:55:00,016 - Temperature_GF_Corridor  : 21.10000000
2015-11-02 18:55:00,018 - Temperature_GF_Toilet    : 19.90000000
2015-11-02 18:55:00,019 - Temperature_GF_Living    : 19.50000000
2015-11-02 18:55:00,030 - Temperature_GF_Kitchen   : 20.60000000
2015-11-02 18:55:00,036 - Temperature_FF_Bath      : 19.70000000
2015-11-02 18:55:00,050 - Temperature_FF_Office    : 18.70000000
2015-11-02 18:55:00,056 - Temperature_FF_Child     : 19.30000000
2015-11-02 18:55:00,073 - Temperature_FF_Bed       : 18.90000000
2015-11-02 19:00:00,027 - Temperature_GF_Corridor  : 17.60000000
2015-11-02 19:00:00,042 - Temperature_GF_Toilet    : 19.30000000
2015-11-02 19:00:00,048 - Temperature_GF_Living    : 22.50000000
2015-11-02 19:00:00,058 - Temperature_GF_Kitchen   : 18.90000000
2015-11-02 19:00:00,114 - Temperature_FF_Bath      : 18.20000000
2015-11-02 19:00:00,118 - Temperature_FF_Office    : 20.40000000
2015-11-02 19:00:00,128 - Temperature_FF_Child     : 21.60000000
2015-11-02 19:00:00,137 - Temperature_FF_Bed       : 19.30000000
2015-11-02 19:05:00,019 - Temperature_GF_Corridor  : 20.00000000
2015-11-02 19:05:00,033 - Temperature_GF_Toilet    : 18.60000000
2015-11-02 19:05:00,042 - Temperature_GF_Living    : 22.20000000
2015-11-02 19:05:00,060 - Temperature_GF_Kitchen   : 17.70000000
2015-11-02 19:05:00,067 - Temperature_FF_Bath      : 18.50000000
2015-11-02 19:05:00,074 - Temperature_FF_Office    : 19.10000000
2015-11-02 19:05:00,080 - Temperature_FF_Child     : 18.70000000
2015-11-02 19:05:00,083 - Temperature_FF_Bed       : 18.20000000
2015-11-02 19:10:00,035 - Temperature_GF_Corridor  : 20.50000000
2015-11-02 19:10:00,049 - Temperature_GF_Toilet    : 20.00000000
2015-11-02 19:10:00,056 - Temperature_GF_Living    : 18.10000000
2015-11-02 19:10:00,070 - Temperature_GF_Kitchen   : 19.60000000
2015-11-02 19:10:00,076 - Temperature_FF_Bath      : 20.00000000
2015-11-02 19:10:00,084 - Temperature_FF_Office    : 19.70000000
2015-11-02 19:10:00,092 - Temperature_FF_Child     : 20.30000000
2015-11-02 19:10:00,109 - Temperature_FF_Bed       : 17.90000000
2015-11-02 19:15:00,010 - Temperature_GF_Corridor  : 22.10000000
2015-11-02 19:15:00,016 - Temperature_GF_Toilet    : 21.00000000
2015-11-02 19:15:00,026 - Temperature_GF_Living    : 21.90000000
2015-11-02 19:15:00,035 - Temperature_GF_Kitchen   : 17.90000000
2015-11-02 19:15:00,044 - Temperature_FF_Bath      : 20.20000000
2015-11-02 19:15:00,048 - Temperature_FF_Office    : 21.40000000
2015-11-02 19:15:00,053 - Temperature_FF_Child     : 21.30000000
2015-11-02 19:15:00,055 - Temperature_FF_Bed       : 20.20000000
2015-11-02 19:20:00,016 - Temperature_GF_Corridor  : 18.20000000
2015-11-02 19:20:00,025 - Temperature_GF_Toilet    : 19.90000000
2015-11-02 19:20:00,030 - Temperature_GF_Living    : 17.80000000
2015-11-02 19:20:00,037 - Temperature_GF_Kitchen   : 19.60000000
2015-11-02 19:20:00,047 - Temperature_FF_Bath      : 18.20000000
2015-11-02 19:20:00,054 - Temperature_FF_Office    : 19.50000000
2015-11-02 19:20:00,062 - Temperature_FF_Child     : 22.00000000
2015-11-02 19:20:00,079 - Temperature_FF_Bed       : 18.50000000
2015-11-02 19:25:00,012 - Temperature_GF_Corridor  : 19.10000000
2015-11-02 19:25:00,027 - Temperature_GF_Toilet    : 19.80000000
2015-11-02 19:25:00,029 - Temperature_GF_Living    : 20.80000000
2015-11-02 19:25:00,035 - Temperature_GF_Kitchen   : 19.90000000
2015-11-02 19:25:00,055 - Temperature_FF_Office    : 19.60000000
2015-11-02 19:25:00,060 - Temperature_FF_Child     : 21.80000000
2015-11-02 19:25:00,067 - Temperature_FF_Bed       : 22.10000000
2015-11-02 19:30:00,013 - Temperature_GF_Corridor  : 21.70000000
2015-11-02 19:30:00,021 - Temperature_GF_Toilet    : 17.80000000
2015-11-02 19:30:00,026 - Temperature_GF_Living    : 21.00000000
2015-11-02 19:30:00,029 - Temperature_GF_Kitchen   : 19.20000000
2015-11-02 19:30:00,032 - Temperature_FF_Bath      : 18.70000000
2015-11-02 19:30:00,038 - Temperature_FF_Office    : 22.00000000
2015-11-02 19:30:00,040 - Temperature_FF_Child     : 21.00000000
2015-11-02 20:04:09,426 - Temperature_GF_Corridor  : 20.60000000
2015-11-02 20:04:09,430 - Temperature_GF_Toilet    : 20.20000000
2015-11-02 20:04:09,432 - Temperature_GF_Living    : 22.00000000
2015-11-02 20:04:09,434 - Temperature_GF_Kitchen   : 18.80000000
2015-11-02 20:04:09,441 - Temperature_FF_Bath      : 19.40000000
2015-11-02 20:04:09,449 - Temperature_FF_Office    : 19.90000000
2015-11-02 20:04:09,450 - Temperature_FF_Child     : 21.10000000
2015-11-02 20:04:09,455 - Temperature_FF_Bed       : 18.60000000
2015-11-02 20:05:01,458 - Temperature_GF_Corridor  : 19.50000000
2015-11-02 20:05:01,462 - Temperature_GF_Toilet    : 18.50000000
2015-11-02 20:05:01,464 - Temperature_GF_Living    : 20.50000000
2015-11-02 20:05:01,468 - Temperature_GF_Kitchen   : 19.50000000
2015-11-02 20:05:01,471 - Temperature_FF_Bath      : 19.50000000
2015-11-02 20:05:01,476 - Temperature_FF_Office    : 18.80000000
2015-11-02 20:05:01,477 - Temperature_FF_Bed       : 19.30000000
2015-11-02 20:10:00,013 - Temperature_GF_Corridor  : 19.20000000
2015-11-02 20:10:00,016 - Temperature_GF_Toilet    : 20.30000000
2015-11-02 20:10:00,023 - Temperature_GF_Living    : 19.30000000
2015-11-02 20:10:00,030 - Temperature_GF_Kitchen   : 20.10000000
2015-11-02 20:10:00,046 - Temperature_FF_Bath      : 17.60000000
2015-11-02 20:10:00,064 - Temperature_FF_Office    : 19.40000000
2015-11-02 20:10:00,066 - Temperature_FF_Child     : 21.30000000
2015-11-02 20:10:00,072 - Temperature_FF_Bed       : 21.50000000
2015-11-02 20:15:00,012 - Temperature_GF_Corridor  : 21.80000000
2015-11-02 20:15:00,015 - Temperature_GF_Toilet    : 20.90000000
2015-11-02 20:15:00,019 - Temperature_GF_Living    : 18.50000000
2015-11-02 20:15:00,020 - Temperature_FF_Bath      : 19.00000000
2015-11-02 20:15:00,021 - Temperature_FF_Office    : 22.30000000
2015-11-02 20:15:00,022 - Temperature_FF_Child     : 18.50000000
2015-11-02 20:15:00,026 - Temperature_FF_Bed       : 18.00000000
2015-11-02 20:20:00,356 - Temperature_GF_Corridor  : 17.80000000
2015-11-02 20:20:00,405 - Temperature_GF_Toilet    : 22.40000000
2015-11-02 20:20:00,412 - Temperature_GF_Living    : 18.30000000
2015-11-02 20:20:00,413 - Temperature_GF_Kitchen   : 19.60000000
2015-11-02 20:20:00,458 - Temperature_FF_Bath      : 22.40000000
2015-11-02 20:20:00,464 - Temperature_FF_Office    : 18.20000000
2015-11-02 20:20:00,485 - Temperature_FF_Child     : 20.90000000
2015-11-02 20:20:00,510 - Temperature_FF_Bed       : 22.50000000
